0 info it worked if it ends with ok
1 verbose cli [ 'node', '/usr/local/bin/npm', 'install', 'java' ]
2 info using npm@2.3.0
3 info using node@v0.10.36
4 verbose node symlink /usr/local/bin/node
5 silly cache add args [ 'java', null ]
6 verbose cache add spec java
7 silly cache add parsed spec { raw: 'java',
7 silly cache add   scope: null,
7 silly cache add   name: 'java',
7 silly cache add   rawSpec: '',
7 silly cache add   spec: '*',
7 silly cache add   type: 'range' }
8 verbose addNamed java@*
9 silly addNamed semver.valid null
10 silly addNamed semver.validRange *
11 silly addNameRange { name: 'java', range: '*', hasData: false }
12 silly mapToRegistry name java
13 silly mapToRegistry using default registry
14 silly mapToRegistry registry https://registry.npmjs.org/
15 silly mapToRegistry uri https://registry.npmjs.org/java
16 verbose addNameRange registry:https://registry.npmjs.org/java not in flight; fetching
17 verbose request uri https://registry.npmjs.org/java
18 verbose request no auth needed
19 info attempt registry request try #1 at 09:50:24
20 verbose request id 6e543abb3535b491
21 http request GET https://registry.npmjs.org/java
22 http 200 https://registry.npmjs.org/java
23 silly get cb [ 200,
23 silly get   { date: 'Thu, 26 Feb 2015 17:50:24 GMT',
23 silly get     server: 'CouchDB/1.5.0 (Erlang OTP/R16B03)',
23 silly get     etag: '"77KYN3Z8PYFUWY7YNL4U4AMBO"',
23 silly get     'content-type': 'application/json',
23 silly get     'cache-control': 'max-age=60',
23 silly get     'content-length': '59583',
23 silly get     'accept-ranges': 'bytes',
23 silly get     via: '1.1 varnish',
23 silly get     age: '0',
23 silly get     'x-served-by': 'cache-sjc3130-SJC',
23 silly get     'x-cache': 'MISS',
23 silly get     'x-cache-hits': '0',
23 silly get     'x-timer': 'S1424973023.954410,VS0,VE346',
23 silly get     vary: 'Accept',
23 silly get     'keep-alive': 'timeout=10, max=50',
23 silly get     connection: 'Keep-Alive' } ]
24 silly addNameRange number 2 { name: 'java', range: '*', hasData: true }
25 silly addNameRange versions [ 'java',
25 silly addNameRange   [ '0.0.1',
25 silly addNameRange     '0.0.2',
25 silly addNameRange     '0.0.3',
25 silly addNameRange     '0.0.4',
25 silly addNameRange     '0.0.5',
25 silly addNameRange     '0.0.6',
25 silly addNameRange     '0.1.0',
25 silly addNameRange     '0.1.1',
25 silly addNameRange     '0.1.2',
25 silly addNameRange     '0.1.3',
25 silly addNameRange     '0.2.0',
25 silly addNameRange     '0.2.1',
25 silly addNameRange     '0.2.2',
25 silly addNameRange     '0.2.3',
25 silly addNameRange     '0.2.4',
25 silly addNameRange     '0.2.5',
25 silly addNameRange     '0.2.6',
25 silly addNameRange     '0.2.7',
25 silly addNameRange     '0.2.8',
25 silly addNameRange     '0.2.9',
25 silly addNameRange     '0.3.0',
25 silly addNameRange     '0.3.1',
25 silly addNameRange     '0.3.2',
25 silly addNameRange     '0.3.3',
25 silly addNameRange     '0.3.4',
25 silly addNameRange     '0.3.5',
25 silly addNameRange     '0.3.6',
25 silly addNameRange     '0.4.0',
25 silly addNameRange     '0.4.1',
25 silly addNameRange     '0.4.2',
25 silly addNameRange     '0.4.3',
25 silly addNameRange     '0.4.4',
25 silly addNameRange     '0.4.5',
25 silly addNameRange     '0.4.6' ] ]
26 verbose addNamed java@0.4.6
27 silly addNamed semver.valid 0.4.6
28 silly addNamed semver.validRange 0.4.6
29 silly mapToRegistry name java
30 silly mapToRegistry using default registry
31 silly mapToRegistry registry https://registry.npmjs.org/
32 silly mapToRegistry uri https://registry.npmjs.org/java
33 verbose addRemoteTarball https://registry.npmjs.org/java/-/java-0.4.6.tgz not in flight; adding
34 verbose addRemoteTarball [ 'https://registry.npmjs.org/java/-/java-0.4.6.tgz',
34 verbose addRemoteTarball   '015dc3d6213e78ba7316b45efae7db879bb437e0' ]
35 info retry fetch attempt 1 at 09:50:25
36 info attempt registry request try #1 at 09:50:25
37 http fetch GET https://registry.npmjs.org/java/-/java-0.4.6.tgz
38 http fetch 200 https://registry.npmjs.org/java/-/java-0.4.6.tgz
39 silly fetchAndShaCheck shasum 015dc3d6213e78ba7316b45efae7db879bb437e0
40 verbose addTmpTarball /var/folders/_w/btzn3j5n3s7f409vt0zj50_00000gn/T/npm-73076-bc71ef5d/registry.npmjs.org/java/-/java-0.4.6.tgz not in flight; adding
41 verbose addTmpTarball already have metadata; skipping unpack for java@0.4.6
42 silly cache afterAdd java@0.4.6
43 verbose afterAdd /Users/apprentice/.npm/java/0.4.6/package/package.json not in flight; writing
44 verbose afterAdd /Users/apprentice/.npm/java/0.4.6/package/package.json written
45 silly install resolved [ { name: 'java',
45 silly install resolved     description: 'Bridge API to connect with existing Java APIs.',
45 silly install resolved     author: { name: 'Joe Ferner', email: 'joe@fernsroth.com' },
45 silly install resolved     keywords: [ 'java', 'jvm', 'bridge' ],
45 silly install resolved     version: '0.4.6',
45 silly install resolved     engines: { node: '>=0.8.0' },
45 silly install resolved     maintainers: [ [Object] ],
45 silly install resolved     bugs: { url: 'https://github.com/joeferner/node-java/issues' },
45 silly install resolved     license: 'MIT',
45 silly install resolved     repository:
45 silly install resolved      { type: 'git',
45 silly install resolved        url: 'https://github.com/joeferner/node-java.git' },
45 silly install resolved     dependencies: { 'find-java-home': '0.1.2', glob: '~3.2.9', nan: '1.4.1' },
45 silly install resolved     devDependencies: { async: '~0.1.22', nodeunit: '0.9.0', when: '~3.6.4' },
45 silly install resolved     scripts:
45 silly install resolved      { test: 'nodeunit test test8',
45 silly install resolved        postinstall: 'node postInstall.js',
45 silly install resolved        install: 'node-gyp rebuild' },
45 silly install resolved     main: './index.js',
45 silly install resolved     gypfile: true,
45 silly install resolved     gitHead: 'a407d908c4fa48afee94a0dc21bad857738ceea5',
45 silly install resolved     homepage: 'https://github.com/joeferner/node-java',
45 silly install resolved     _id: 'java@0.4.6',
45 silly install resolved     _shasum: '015dc3d6213e78ba7316b45efae7db879bb437e0',
45 silly install resolved     _from: 'java@*',
45 silly install resolved     _npmVersion: '1.4.14',
45 silly install resolved     _npmUser: { name: 'joeferner', email: 'joe@fernsroth.com' },
45 silly install resolved     dist:
45 silly install resolved      { shasum: '015dc3d6213e78ba7316b45efae7db879bb437e0',
45 silly install resolved        tarball: 'http://registry.npmjs.org/java/-/java-0.4.6.tgz' },
45 silly install resolved     directories: {},
45 silly install resolved     _resolved: 'https://registry.npmjs.org/java/-/java-0.4.6.tgz' } ]
46 info install java@0.4.6 into /Users/apprentice/Desktop/jamal-adell/ps_overflow
47 info installOne java@0.4.6
48 verbose installOne of java to /Users/apprentice/Desktop/jamal-adell/ps_overflow not in flight; installing
49 verbose lock using /Users/apprentice/.npm/_locks/java-750bbf606b88bb86.lock for /Users/apprentice/Desktop/jamal-adell/ps_overflow/node_modules/java
50 silly install write writing java 0.4.6 to /Users/apprentice/Desktop/jamal-adell/ps_overflow/node_modules/java
51 silly cache addNamed cb java@0.4.6
52 verbose unbuild node_modules/java
53 verbose gentlyRm vacuuming /Users/apprentice/Desktop/jamal-adell/ps_overflow/node_modules/java
54 verbose tar unpack /Users/apprentice/.npm/java/0.4.6/package.tgz
55 verbose tar unpacking to /Users/apprentice/Desktop/jamal-adell/ps_overflow/node_modules/java
56 verbose gentlyRm vacuuming /Users/apprentice/Desktop/jamal-adell/ps_overflow/node_modules/java
57 silly gunzTarPerm modes [ '755', '644' ]
58 silly gunzTarPerm extractEntry package.json
59 silly gunzTarPerm modified mode [ 'package.json', 436, 420 ]
60 silly gunzTarPerm extractEntry .npmignore
61 silly gunzTarPerm modified mode [ '.npmignore', 436, 420 ]
62 silly gunzTarPerm extractEntry README.md
63 silly gunzTarPerm modified mode [ 'README.md', 436, 420 ]
64 silly gunzTarPerm extractEntry LICENSE
65 silly gunzTarPerm modified mode [ 'LICENSE', 436, 420 ]
66 silly gunzTarPerm extractEntry findJavaHome.js
67 silly gunzTarPerm extractEntry index.js
68 silly gunzTarPerm modified mode [ 'index.js', 436, 420 ]
69 silly gunzTarPerm extractEntry testHelpers.js
70 silly gunzTarPerm modified mode [ 'testHelpers.js', 436, 420 ]
71 silly gunzTarPerm extractEntry postInstall.js
72 silly gunzTarPerm modified mode [ 'postInstall.js', 436, 420 ]
73 silly gunzTarPerm extractEntry jarjar.rule
74 silly gunzTarPerm modified mode [ 'jarjar.rule', 436, 420 ]
75 silly gunzTarPerm extractEntry compile-java8-code.sh
76 silly gunzTarPerm modified mode [ 'compile-java8-code.sh', 509, 493 ]
77 silly gunzTarPerm extractEntry examples/lucene/example.js
78 silly gunzTarPerm modified mode [ 'examples/lucene/example.js', 509, 493 ]
79 silly gunzTarPerm extractEntry examples/lucene/lucene-core-3.5.0.jar
80 silly gunzTarPerm modified mode [ 'examples/lucene/lucene-core-3.5.0.jar', 436, 420 ]
81 silly gunzTarPerm extractEntry examples/mixJavaAndNode/runMyClass.js
82 silly gunzTarPerm modified mode [ 'examples/mixJavaAndNode/runMyClass.js', 509, 493 ]
83 silly gunzTarPerm extractEntry examples/mixJavaAndNode/src/com/nearinfinity/nodeJava/MyClass.class
84 silly gunzTarPerm modified mode [ 'examples/mixJavaAndNode/src/com/nearinfinity/nodeJava/MyClass.class',
84 silly gunzTarPerm   436,
84 silly gunzTarPerm   420 ]
85 silly gunzTarPerm extractEntry examples/mixJavaAndNode/src/com/nearinfinity/nodeJava/MyClass.java
86 silly gunzTarPerm modified mode [ 'examples/mixJavaAndNode/src/com/nearinfinity/nodeJava/MyClass.java',
86 silly gunzTarPerm   436,
86 silly gunzTarPerm   420 ]
87 silly gunzTarPerm extractEntry .kdev4/node-java.kdev4
88 silly gunzTarPerm modified mode [ '.kdev4/node-java.kdev4', 384, 420 ]
89 silly gunzTarPerm extractEntry .travis.yml
90 silly gunzTarPerm modified mode [ '.travis.yml', 436, 420 ]
91 silly gunzTarPerm extractEntry jarjar-1.4.jar
92 silly gunzTarPerm modified mode [ 'jarjar-1.4.jar', 416, 420 ]
93 silly gunzTarPerm extractEntry binding.gyp
94 silly gunzTarPerm modified mode [ 'binding.gyp', 436, 420 ]
95 silly gunzTarPerm extractEntry lib/nodeJavaBridge.js
96 silly gunzTarPerm modified mode [ 'lib/nodeJavaBridge.js', 436, 420 ]
97 silly gunzTarPerm extractEntry node-java.cbp
98 silly gunzTarPerm modified mode [ 'node-java.cbp', 436, 420 ]
99 silly gunzTarPerm extractEntry node-java.kdev4
100 silly gunzTarPerm modified mode [ 'node-java.kdev4', 384, 420 ]
101 silly gunzTarPerm extractEntry commons-lang.jarjar.rules
102 silly gunzTarPerm modified mode [ 'commons-lang.jarjar.rules', 436, 420 ]
103 silly gunzTarPerm extractEntry commons-lang3-node-java.jar
104 silly gunzTarPerm modified mode [ 'commons-lang3-node-java.jar', 436, 420 ]
105 silly gunzTarPerm extractEntry compile-java-code.sh
106 silly gunzTarPerm modified mode [ 'compile-java-code.sh', 509, 493 ]
107 silly gunzTarPerm extractEntry projectFilesBackup/.idea/libraries/sass_stdlib.xml
108 silly gunzTarPerm modified mode [ 'projectFilesBackup/.idea/libraries/sass_stdlib.xml',
108 silly gunzTarPerm   436,
108 silly gunzTarPerm   420 ]
109 silly gunzTarPerm extractEntry projectFilesBackup1/.idea/libraries/sass_stdlib.xml
110 silly gunzTarPerm modified mode [ 'projectFilesBackup1/.idea/libraries/sass_stdlib.xml',
110 silly gunzTarPerm   436,
110 silly gunzTarPerm   420 ]
111 silly gunzTarPerm extractEntry src/javaScope.h
112 silly gunzTarPerm modified mode [ 'src/javaScope.h', 436, 420 ]
113 silly gunzTarPerm extractEntry src/.kdev_include_paths
114 silly gunzTarPerm modified mode [ 'src/.kdev_include_paths', 436, 420 ]
115 silly gunzTarPerm extractEntry src/java.h
116 silly gunzTarPerm modified mode [ 'src/java.h', 436, 420 ]
117 silly gunzTarPerm extractEntry src/javaObject.cpp
118 silly gunzTarPerm modified mode [ 'src/javaObject.cpp', 436, 420 ]
119 silly gunzTarPerm extractEntry src/javaObject.h
120 silly gunzTarPerm modified mode [ 'src/javaObject.h', 436, 420 ]
121 silly gunzTarPerm extractEntry src/javaScope.cpp
122 silly gunzTarPerm modified mode [ 'src/javaScope.cpp', 436, 420 ]
123 silly gunzTarPerm extractEntry src/java.cpp
124 silly gunzTarPerm modified mode [ 'src/java.cpp', 436, 420 ]
125 silly gunzTarPerm extractEntry src/methodCallBaton.cpp
126 silly gunzTarPerm modified mode [ 'src/methodCallBaton.cpp', 436, 420 ]
127 silly gunzTarPerm extractEntry src/methodCallBaton.h
128 silly gunzTarPerm modified mode [ 'src/methodCallBaton.h', 436, 420 ]
129 silly gunzTarPerm extractEntry src/nodeJavaBridge.cpp
130 silly gunzTarPerm modified mode [ 'src/nodeJavaBridge.cpp', 436, 420 ]
131 silly gunzTarPerm extractEntry src/node_NodeDynamicProxyClass.h
132 silly gunzTarPerm modified mode [ 'src/node_NodeDynamicProxyClass.h', 436, 420 ]
133 silly gunzTarPerm extractEntry src/utils.cpp
134 silly gunzTarPerm modified mode [ 'src/utils.cpp', 436, 420 ]
135 silly gunzTarPerm extractEntry src/utils.h
136 silly gunzTarPerm modified mode [ 'src/utils.h', 436, 420 ]
137 silly gunzTarPerm extractEntry src-java/node/CastingUtils.class
138 silly gunzTarPerm modified mode [ 'src-java/node/CastingUtils.class', 436, 420 ]
139 silly gunzTarPerm extractEntry src-java/node/CastingUtils.java
140 silly gunzTarPerm modified mode [ 'src-java/node/CastingUtils.java', 436, 420 ]
141 silly gunzTarPerm extractEntry src-java/node/NodeDynamicProxyClass.class
142 silly gunzTarPerm modified mode [ 'src-java/node/NodeDynamicProxyClass.class', 436, 420 ]
143 silly gunzTarPerm extractEntry src-java/node/NodeDynamicProxyClass.java
144 silly gunzTarPerm modified mode [ 'src-java/node/NodeDynamicProxyClass.java', 436, 420 ]
145 silly gunzTarPerm extractEntry src-java/node/NodeJsException.class
146 silly gunzTarPerm modified mode [ 'src-java/node/NodeJsException.class', 436, 420 ]
147 silly gunzTarPerm extractEntry src-java/node/NodeJsException.java
148 silly gunzTarPerm modified mode [ 'src-java/node/NodeJsException.java', 436, 420 ]
149 silly gunzTarPerm extractEntry test/utils-types-test.js
150 silly gunzTarPerm modified mode [ 'test/utils-types-test.js', 436, 420 ]
151 silly gunzTarPerm extractEntry test/promises-test.js
152 silly gunzTarPerm modified mode [ 'test/promises-test.js', 436, 420 ]
153 silly gunzTarPerm extractEntry test/javaObject-test.js
154 silly gunzTarPerm modified mode [ 'test/javaObject-test.js', 436, 420 ]
155 silly gunzTarPerm extractEntry test/java-staticField-test.js
156 silly gunzTarPerm modified mode [ 'test/java-staticField-test.js', 436, 420 ]
157 silly gunzTarPerm extractEntry test/simple-test.js
158 silly gunzTarPerm modified mode [ 'test/simple-test.js', 436, 420 ]
159 silly gunzTarPerm extractEntry test/java-callStaticMethod-test.js
160 silly gunzTarPerm modified mode [ 'test/java-callStaticMethod-test.js', 436, 420 ]
161 silly gunzTarPerm extractEntry test/java-ambiguousMethod-test.js
162 silly gunzTarPerm modified mode [ 'test/java-ambiguousMethod-test.js', 436, 420 ]
163 silly gunzTarPerm extractEntry test/instanceof-test.js
164 silly gunzTarPerm extractEntry test/importClass-test.js
165 silly gunzTarPerm modified mode [ 'test/importClass-test.js', 436, 420 ]
166 silly gunzTarPerm extractEntry test/dynamicProxy-test.js
167 silly gunzTarPerm modified mode [ 'test/dynamicProxy-test.js', 436, 420 ]
168 silly gunzTarPerm extractEntry test/java-newInstance-test.js
169 silly gunzTarPerm modified mode [ 'test/java-newInstance-test.js', 436, 420 ]
170 silly gunzTarPerm extractEntry test/awt-test.js
171 silly gunzTarPerm modified mode [ 'test/awt-test.js', 436, 420 ]
172 silly gunzTarPerm extractEntry test/Test$SubClass.class
173 silly gunzTarPerm modified mode [ 'test/Test$SubClass.class', 436, 420 ]
174 silly gunzTarPerm extractEntry test/TestExceptions.java
175 silly gunzTarPerm modified mode [ 'test/TestExceptions.java', 436, 420 ]
176 silly gunzTarPerm extractEntry test/commons-lang3-3.1.jar
177 silly gunzTarPerm modified mode [ 'test/commons-lang3-3.1.jar', 436, 420 ]
178 silly gunzTarPerm extractEntry test/TestExceptions.class
179 silly gunzTarPerm extractEntry test/Test.java
180 silly gunzTarPerm modified mode [ 'test/Test.java', 436, 420 ]
181 silly gunzTarPerm extractEntry test/Test.class
182 silly gunzTarPerm modified mode [ 'test/Test.class', 436, 420 ]
183 silly gunzTarPerm extractEntry test/Test$SuperClass.class
184 silly gunzTarPerm modified mode [ 'test/Test$SuperClass.class', 436, 420 ]
185 silly gunzTarPerm extractEntry test/RunInterface$Interface0Arg.class
186 silly gunzTarPerm extractEntry test/Test$StaticEnum.class
187 silly gunzTarPerm modified mode [ 'test/Test$StaticEnum.class', 436, 420 ]
188 silly gunzTarPerm extractEntry test/RunInterface.java
189 silly gunzTarPerm modified mode [ 'test/RunInterface.java', 436, 420 ]
190 silly gunzTarPerm extractEntry test/RunInterface.class
191 silly gunzTarPerm modified mode [ 'test/RunInterface.class', 436, 420 ]
192 silly gunzTarPerm extractEntry test/nodejs.png
193 silly gunzTarPerm modified mode [ 'test/nodejs.png', 436, 420 ]
194 silly gunzTarPerm extractEntry test/RunInterface$InterfaceWithReturn.class
195 silly gunzTarPerm extractEntry test/RunInterface$Interface1Arg.class
196 silly gunzTarPerm extractEntry test/RunInterface$1.class
197 silly gunzTarPerm modified mode [ 'test/RunInterface$1.class', 436, 420 ]
198 silly gunzTarPerm extractEntry test8/testLambda.js
199 silly gunzTarPerm modified mode [ 'test8/testLambda.js', 436, 420 ]
200 silly gunzTarPerm extractEntry test8/TestLambda$IntegerMath.class
201 silly gunzTarPerm modified mode [ 'test8/TestLambda$IntegerMath.class', 436, 420 ]
202 silly gunzTarPerm extractEntry test8/TestLambda.class
203 silly gunzTarPerm modified mode [ 'test8/TestLambda.class', 436, 420 ]
204 silly gunzTarPerm extractEntry test8/TestLambda.java
205 silly gunzTarPerm modified mode [ 'test8/TestLambda.java', 436, 420 ]
206 silly gunzTarPerm extractEntry update-commons-lang.sh
207 silly gunzTarPerm modified mode [ 'update-commons-lang.sh', 509, 493 ]
208 info preinstall java@0.4.6
209 silly prepareForInstallMany adding find-java-home@0.1.2 from java dependencies
210 silly prepareForInstallMany adding glob@~3.2.9 from java dependencies
211 silly prepareForInstallMany adding nan@1.4.1 from java dependencies
212 silly cache add args [ 'find-java-home@0.1.2', null ]
213 verbose cache add spec find-java-home@0.1.2
214 silly cache add args [ 'glob@~3.2.9', null ]
215 verbose cache add spec glob@~3.2.9
216 silly cache add parsed spec { raw: 'find-java-home@0.1.2',
216 silly cache add   scope: null,
216 silly cache add   name: 'find-java-home',
216 silly cache add   rawSpec: '0.1.2',
216 silly cache add   spec: '0.1.2',
216 silly cache add   type: 'version' }
217 verbose addNamed find-java-home@0.1.2
218 silly addNamed semver.valid 0.1.2
219 silly addNamed semver.validRange 0.1.2
220 silly mapToRegistry name find-java-home
221 silly mapToRegistry using default registry
222 silly mapToRegistry registry https://registry.npmjs.org/
223 silly mapToRegistry uri https://registry.npmjs.org/find-java-home
224 verbose addNameVersion registry:https://registry.npmjs.org/find-java-home not in flight; fetching
225 silly cache add parsed spec { raw: 'glob@~3.2.9',
225 silly cache add   scope: null,
225 silly cache add   name: 'glob',
225 silly cache add   rawSpec: '~3.2.9',
225 silly cache add   spec: '>=3.2.9 <3.3.0',
225 silly cache add   type: 'range' }
226 verbose addNamed glob@>=3.2.9 <3.3.0
227 silly addNamed semver.valid null
228 silly addNamed semver.validRange >=3.2.9 <3.3.0
229 silly addNameRange { name: 'glob', range: '>=3.2.9 <3.3.0', hasData: false }
230 silly mapToRegistry name glob
231 silly mapToRegistry using default registry
232 silly mapToRegistry registry https://registry.npmjs.org/
233 silly mapToRegistry uri https://registry.npmjs.org/glob
234 verbose addNameRange registry:https://registry.npmjs.org/glob not in flight; fetching
235 silly cache add args [ 'nan@1.4.1', null ]
236 verbose cache add spec nan@1.4.1
237 silly cache add parsed spec { raw: 'nan@1.4.1',
237 silly cache add   scope: null,
237 silly cache add   name: 'nan',
237 silly cache add   rawSpec: '1.4.1',
237 silly cache add   spec: '1.4.1',
237 silly cache add   type: 'version' }
238 verbose addNamed nan@1.4.1
239 silly addNamed semver.valid 1.4.1
240 silly addNamed semver.validRange 1.4.1
241 silly mapToRegistry name nan
242 silly mapToRegistry using default registry
243 silly mapToRegistry registry https://registry.npmjs.org/
244 silly mapToRegistry uri https://registry.npmjs.org/nan
245 verbose addNameVersion registry:https://registry.npmjs.org/nan not in flight; fetching
246 verbose request uri https://registry.npmjs.org/find-java-home
247 verbose request no auth needed
248 info attempt registry request try #1 at 09:50:26
249 http request GET https://registry.npmjs.org/find-java-home
250 verbose request uri https://registry.npmjs.org/nan
251 verbose request no auth needed
252 info attempt registry request try #1 at 09:50:26
253 http request GET https://registry.npmjs.org/nan
254 verbose request uri https://registry.npmjs.org/glob
255 verbose request no auth needed
256 info attempt registry request try #1 at 09:50:26
257 verbose etag "9PIW87I5EOFRZ3K4RIN57IGPE"
258 http request GET https://registry.npmjs.org/glob
259 http 304 https://registry.npmjs.org/glob
260 silly get cb [ 304,
260 silly get   { date: 'Thu, 26 Feb 2015 17:50:25 GMT',
260 silly get     server: 'Apache',
260 silly get     via: '1.1 varnish',
260 silly get     'last-modified': 'Thu, 26 Feb 2015 17:49:48 GMT',
260 silly get     'cache-control': 'max-age=60',
260 silly get     etag: '"9PIW87I5EOFRZ3K4RIN57IGPE"',
260 silly get     age: '39',
260 silly get     'x-served-by': 'cache-sjc3122-SJC',
260 silly get     'x-cache': 'HIT',
260 silly get     'x-cache-hits': '4',
260 silly get     'x-timer': 'S1424973025.084390,VS0,VE0',
260 silly get     vary: 'Accept',
260 silly get     'content-length': '0',
260 silly get     'keep-alive': 'timeout=10, max=50',
260 silly get     connection: 'Keep-Alive' } ]
261 verbose etag https://registry.npmjs.org/glob from cache
262 http 200 https://registry.npmjs.org/nan
263 silly get cb [ 200,
263 silly get   { date: 'Thu, 26 Feb 2015 17:50:25 GMT',
263 silly get     server: 'CouchDB/1.5.0 (Erlang OTP/R16B03)',
263 silly get     etag: '"EI65ZGD4YQM5HZLU2BK7SJIT9"',
263 silly get     'content-type': 'application/json',
263 silly get     'cache-control': 'max-age=60',
263 silly get     'content-length': '99368',
263 silly get     'accept-ranges': 'bytes',
263 silly get     via: '1.1 varnish',
263 silly get     age: '30',
263 silly get     'x-served-by': 'cache-sjc3120-SJC',
263 silly get     'x-cache': 'HIT',
263 silly get     'x-cache-hits': '1',
263 silly get     'x-timer': 'S1424973025.081997,VS0,VE0',
263 silly get     vary: 'Accept',
263 silly get     'keep-alive': 'timeout=10, max=50',
263 silly get     connection: 'Keep-Alive' } ]
264 silly addNameRange number 2 { name: 'glob', range: '>=3.2.9 <3.3.0', hasData: true }
265 silly addNameRange versions [ 'glob',
265 silly addNameRange   [ '1.1.0',
265 silly addNameRange     '2.0.9',
265 silly addNameRange     '2.0.8',
265 silly addNameRange     '2.0.7',
265 silly addNameRange     '2.1.0',
265 silly addNameRange     '3.0.0',
265 silly addNameRange     '3.0.1',
265 silly addNameRange     '3.1.0',
265 silly addNameRange     '3.1.1',
265 silly addNameRange     '3.1.2',
265 silly addNameRange     '3.1.3',
265 silly addNameRange     '3.1.4',
265 silly addNameRange     '3.1.5',
265 silly addNameRange     '3.1.6',
265 silly addNameRange     '3.1.7',
265 silly addNameRange     '3.1.9',
265 silly addNameRange     '3.1.10',
265 silly addNameRange     '3.1.11',
265 silly addNameRange     '3.1.12',
265 silly addNameRange     '3.1.13',
265 silly addNameRange     '3.1.14',
265 silly addNameRange     '3.1.15',
265 silly addNameRange     '3.1.16',
265 silly addNameRange     '3.1.17',
265 silly addNameRange     '3.1.18',
265 silly addNameRange     '3.1.19',
265 silly addNameRange     '3.1.20',
265 silly addNameRange     '3.1.21',
265 silly addNameRange     '3.2.0',
265 silly addNameRange     '3.2.1',
265 silly addNameRange     '3.2.3',
265 silly addNameRange     '3.2.4',
265 silly addNameRange     '3.2.5',
265 silly addNameRange     '3.2.6',
265 silly addNameRange     '3.2.7',
265 silly addNameRange     '3.2.8',
265 silly addNameRange     '3.2.9',
265 silly addNameRange     '3.2.10',
265 silly addNameRange     '3.2.11',
265 silly addNameRange     '4.0.0',
265 silly addNameRange     '4.0.1',
265 silly addNameRange     '4.0.2',
265 silly addNameRange     '4.0.3',
265 silly addNameRange     '4.0.4',
265 silly addNameRange     '4.0.5',
265 silly addNameRange     '4.0.6',
265 silly addNameRange     '4.1.2-beta',
265 silly addNameRange     '4.1.2',
265 silly addNameRange     '4.1.3',
265 silly addNameRange     '4.1.4',
265 silly addNameRange     '4.1.5',
265 silly addNameRange     '4.1.6',
265 silly addNameRange     '4.2.0',
265 silly addNameRange     '4.2.1',
265 silly addNameRange     '4.2.2',
265 silly addNameRange     '4.3.0',
265 silly addNameRange     '4.3.1',
265 silly addNameRange     '4.3.2',
265 silly addNameRange     '4.3.3',
265 silly addNameRange     '4.3.4',
265 silly addNameRange     '4.3.5',
265 silly addNameRange     '4.4.0' ] ]
266 verbose addNamed glob@3.2.11
267 silly addNamed semver.valid 3.2.11
268 silly addNamed semver.validRange 3.2.11
269 silly mapToRegistry name nan
270 silly mapToRegistry using default registry
271 silly mapToRegistry registry https://registry.npmjs.org/
272 silly mapToRegistry uri https://registry.npmjs.org/nan
273 verbose addRemoteTarball https://registry.npmjs.org/nan/-/nan-1.4.1.tgz not in flight; adding
274 verbose addRemoteTarball [ 'https://registry.npmjs.org/nan/-/nan-1.4.1.tgz',
274 verbose addRemoteTarball   '0a2bb562c558b440005b1f7eb8b31ccbdb565d5f' ]
275 silly cache afterAdd glob@3.2.11
276 verbose afterAdd /Users/apprentice/.npm/glob/3.2.11/package/package.json not in flight; writing
277 info retry fetch attempt 1 at 09:50:26
278 info attempt registry request try #1 at 09:50:26
279 http fetch GET https://registry.npmjs.org/nan/-/nan-1.4.1.tgz
280 verbose afterAdd /Users/apprentice/.npm/glob/3.2.11/package/package.json written
281 http fetch 200 https://registry.npmjs.org/nan/-/nan-1.4.1.tgz
282 silly fetchAndShaCheck shasum 0a2bb562c558b440005b1f7eb8b31ccbdb565d5f
283 verbose addTmpTarball /var/folders/_w/btzn3j5n3s7f409vt0zj50_00000gn/T/npm-73076-bc71ef5d/registry.npmjs.org/nan/-/nan-1.4.1.tgz not in flight; adding
284 verbose addTmpTarball already have metadata; skipping unpack for nan@1.4.1
285 silly cache afterAdd nan@1.4.1
286 verbose afterAdd /Users/apprentice/.npm/nan/1.4.1/package/package.json not in flight; writing
287 verbose afterAdd /Users/apprentice/.npm/nan/1.4.1/package/package.json written
288 http 200 https://registry.npmjs.org/find-java-home
289 silly get cb [ 200,
289 silly get   { date: 'Thu, 26 Feb 2015 17:50:25 GMT',
289 silly get     server: 'CouchDB/1.5.0 (Erlang OTP/R16B03)',
289 silly get     etag: '"DKQTGZ4U9J3M1P4SZ6QTUD4W"',
289 silly get     'content-type': 'application/json',
289 silly get     'cache-control': 'max-age=60',
289 silly get     'content-length': '11754',
289 silly get     'accept-ranges': 'bytes',
289 silly get     via: '1.1 varnish',
289 silly get     age: '0',
289 silly get     'x-served-by': 'cache-sjc3134-SJC',
289 silly get     'x-cache': 'HIT',
289 silly get     'x-cache-hits': '1',
289 silly get     'x-timer': 'S1424973025.080477,VS0,VE144',
289 silly get     vary: 'Accept',
289 silly get     'keep-alive': 'timeout=10, max=50',
289 silly get     connection: 'Keep-Alive' } ]
290 silly mapToRegistry name find-java-home
291 silly mapToRegistry using default registry
292 silly mapToRegistry registry https://registry.npmjs.org/
293 silly mapToRegistry uri https://registry.npmjs.org/find-java-home
294 verbose addRemoteTarball https://registry.npmjs.org/find-java-home/-/find-java-home-0.1.2.tgz not in flight; adding
295 verbose addRemoteTarball [ 'https://registry.npmjs.org/find-java-home/-/find-java-home-0.1.2.tgz',
295 verbose addRemoteTarball   'a09980abc584fb0d62f7cfba04a9397dc93316b6' ]
296 info retry fetch attempt 1 at 09:50:26
297 info attempt registry request try #1 at 09:50:26
298 http fetch GET https://registry.npmjs.org/find-java-home/-/find-java-home-0.1.2.tgz
299 http fetch 200 https://registry.npmjs.org/find-java-home/-/find-java-home-0.1.2.tgz
300 silly fetchAndShaCheck shasum a09980abc584fb0d62f7cfba04a9397dc93316b6
301 verbose addTmpTarball /var/folders/_w/btzn3j5n3s7f409vt0zj50_00000gn/T/npm-73076-bc71ef5d/registry.npmjs.org/find-java-home/-/find-java-home-0.1.2.tgz not in flight; adding
302 verbose addTmpTarball already have metadata; skipping unpack for find-java-home@0.1.2
303 silly cache afterAdd find-java-home@0.1.2
304 verbose afterAdd /Users/apprentice/.npm/find-java-home/0.1.2/package/package.json not in flight; writing
305 verbose afterAdd /Users/apprentice/.npm/find-java-home/0.1.2/package/package.json written
306 silly install resolved [ { author:
306 silly install resolved      { name: 'Isaac Z. Schlueter',
306 silly install resolved        email: 'i@izs.me',
306 silly install resolved        url: 'http://blog.izs.me/' },
306 silly install resolved     name: 'glob',
306 silly install resolved     description: 'a little globber',
306 silly install resolved     version: '3.2.11',
306 silly install resolved     repository: { type: 'git', url: 'git://github.com/isaacs/node-glob.git' },
306 silly install resolved     main: 'glob.js',
306 silly install resolved     engines: { node: '*' },
306 silly install resolved     dependencies: { inherits: '2', minimatch: '0.3' },
306 silly install resolved     devDependencies: { tap: '~0.4.0', mkdirp: '0', rimraf: '1' },
306 silly install resolved     scripts:
306 silly install resolved      { test: 'tap test/*.js',
306 silly install resolved        'test-regen': 'TEST_REGEN=1 node test/00-setup.js' },
306 silly install resolved     license: 'BSD',
306 silly install resolved     gitHead: '73f57e99510582b2024b762305970ebcf9b70aa2',
306 silly install resolved     bugs: { url: 'https://github.com/isaacs/node-glob/issues' },
306 silly install resolved     homepage: 'https://github.com/isaacs/node-glob',
306 silly install resolved     _id: 'glob@3.2.11',
306 silly install resolved     _shasum: '4a973f635b9190f715d10987d5c00fd2815ebe3d',
306 silly install resolved     _from: 'glob@>=3.2.9 <3.3.0',
306 silly install resolved     _npmVersion: '1.4.10',
306 silly install resolved     _npmUser: { name: 'isaacs', email: 'i@izs.me' },
306 silly install resolved     maintainers: [ [Object] ],
306 silly install resolved     dist:
306 silly install resolved      { shasum: '4a973f635b9190f715d10987d5c00fd2815ebe3d',
306 silly install resolved        tarball: 'http://registry.npmjs.org/glob/-/glob-3.2.11.tgz' },
306 silly install resolved     directories: {},
306 silly install resolved     _resolved: 'https://registry.npmjs.org/glob/-/glob-3.2.11.tgz',
306 silly install resolved     readme: 'ERROR: No README data found!' },
306 silly install resolved   { name: 'nan',
306 silly install resolved     version: '1.4.1',
306 silly install resolved     description: 'Native Abstractions for Node.js: C++ header for Node 0.8->0.12 compatibility',
306 silly install resolved     main: 'include_dirs.js',
306 silly install resolved     repository: { type: 'git', url: 'git://github.com/rvagg/nan.git' },
306 silly install resolved     scripts:
306 silly install resolved      { test: 'tap --gc test/js/*-test.js',
306 silly install resolved        'rebuild-tests': 'node-gyp rebuild --directory test' },
306 silly install resolved     contributors: [ [Object], [Object], [Object], [Object], [Object], [Object] ],
306 silly install resolved     devDependencies:
306 silly install resolved      { bindings: '~1.2.1',
306 silly install resolved        'node-gyp': '~1.0.2',
306 silly install resolved        tap: '~0.4.13',
306 silly install resolved        xtend: '~4.0.0' },
306 silly install resolved     license: 'MIT',
306 silly install resolved     bugs: { url: 'https://github.com/rvagg/nan/issues' },
306 silly install resolved     homepage: 'https://github.com/rvagg/nan',
306 silly install resolved     _id: 'nan@1.4.1',
306 silly install resolved     _shasum: '0a2bb562c558b440005b1f7eb8b31ccbdb565d5f',
306 silly install resolved     _from: 'nan@1.4.1',
306 silly install resolved     _npmVersion: '1.4.9',
306 silly install resolved     _npmUser: { name: 'kkoopa', email: 'bbyholm@abo.fi' },
306 silly install resolved     maintainers: [ [Object], [Object] ],
306 silly install resolved     dist:
306 silly install resolved      { shasum: '0a2bb562c558b440005b1f7eb8b31ccbdb565d5f',
306 silly install resolved        tarball: 'http://registry.npmjs.org/nan/-/nan-1.4.1.tgz' },
306 silly install resolved     directories: {},
306 silly install resolved     _resolved: 'https://registry.npmjs.org/nan/-/nan-1.4.1.tgz' },
306 silly install resolved   { name: 'find-java-home',
306 silly install resolved     version: '0.1.2',
306 silly install resolved     description: 'Find JAVA_HOME on any system',
306 silly install resolved     main: 'index.js',
306 silly install resolved     scripts: { test: 'mocha -r should test.js' },
306 silly install resolved     repository:
306 silly install resolved      { type: 'git',
306 silly install resolved        url: 'https://github.com/jsdevel/node-find-java-home.git' },
306 silly install resolved     dependencies: { which: '~1.0.5' },
306 silly install resolved     keywords: [ 'JAVA_HOME', 'find', 'java', 'home' ],
306 silly install resolved     author: { name: 'Joseph Spencer' },
306 silly install resolved     license: 'Apache 2.0',
306 silly install resolved     bugs: { url: 'https://github.com/jsdevel/node-find-java-home/issues' },
306 silly install resolved     homepage: 'https://github.com/jsdevel/node-find-java-home',
306 silly install resolved     devDependencies: { mocha: '~1.18.2', should: '~3.3.0' },
306 silly install resolved     gitHead: '68fe04f3784949e4c3bd7fb75126441b3952353a',
306 silly install resolved     _id: 'find-java-home@0.1.2',
306 silly install resolved     _shasum: 'a09980abc584fb0d62f7cfba04a9397dc93316b6',
306 silly install resolved     _from: 'find-java-home@0.1.2',
306 silly install resolved     _npmVersion: '1.4.21',
306 silly install resolved     _npmUser: { name: 'jsdevel', email: 'js.developer.undefined@gmail.com' },
306 silly install resolved     maintainers: [ [Object] ],
306 silly install resolved     dist:
306 silly install resolved      { shasum: 'a09980abc584fb0d62f7cfba04a9397dc93316b6',
306 silly install resolved        tarball: 'http://registry.npmjs.org/find-java-home/-/find-java-home-0.1.2.tgz' },
306 silly install resolved     directories: {},
306 silly install resolved     _resolved: 'https://registry.npmjs.org/find-java-home/-/find-java-home-0.1.2.tgz' } ]
307 info install glob@3.2.11 into /Users/apprentice/Desktop/jamal-adell/ps_overflow/node_modules/java
308 info install nan@1.4.1 into /Users/apprentice/Desktop/jamal-adell/ps_overflow/node_modules/java
309 info install find-java-home@0.1.2 into /Users/apprentice/Desktop/jamal-adell/ps_overflow/node_modules/java
310 info installOne glob@3.2.11
311 verbose installOne of glob to /Users/apprentice/Desktop/jamal-adell/ps_overflow/node_modules/java not in flight; installing
312 info installOne nan@1.4.1
313 verbose installOne of nan to /Users/apprentice/Desktop/jamal-adell/ps_overflow/node_modules/java not in flight; installing
314 info installOne find-java-home@0.1.2
315 verbose installOne of find-java-home to /Users/apprentice/Desktop/jamal-adell/ps_overflow/node_modules/java not in flight; installing
316 verbose lock using /Users/apprentice/.npm/_locks/glob-9d90a597e1cb81a0.lock for /Users/apprentice/Desktop/jamal-adell/ps_overflow/node_modules/java/node_modules/glob
317 silly install write writing glob 3.2.11 to /Users/apprentice/Desktop/jamal-adell/ps_overflow/node_modules/java/node_modules/glob
318 silly cache addNamed cb glob@3.2.11
319 verbose unbuild node_modules/java/node_modules/glob
320 verbose lock using /Users/apprentice/.npm/_locks/nan-d303ba32f9f1856b.lock for /Users/apprentice/Desktop/jamal-adell/ps_overflow/node_modules/java/node_modules/nan
321 verbose lock using /Users/apprentice/.npm/_locks/find-java-home-d04724fa6ed846da.lock for /Users/apprentice/Desktop/jamal-adell/ps_overflow/node_modules/java/node_modules/find-java-home
322 silly install write writing nan 1.4.1 to /Users/apprentice/Desktop/jamal-adell/ps_overflow/node_modules/java/node_modules/nan
323 silly install write writing find-java-home 0.1.2 to /Users/apprentice/Desktop/jamal-adell/ps_overflow/node_modules/java/node_modules/find-java-home
324 verbose gentlyRm vacuuming /Users/apprentice/Desktop/jamal-adell/ps_overflow/node_modules/java/node_modules/glob
325 verbose tar unpack /Users/apprentice/.npm/glob/3.2.11/package.tgz
326 verbose tar unpacking to /Users/apprentice/Desktop/jamal-adell/ps_overflow/node_modules/java/node_modules/glob
327 verbose gentlyRm vacuuming /Users/apprentice/Desktop/jamal-adell/ps_overflow/node_modules/java/node_modules/glob
328 silly gunzTarPerm modes [ '755', '644' ]
329 silly cache addNamed cb nan@1.4.1
330 verbose unbuild node_modules/java/node_modules/nan
331 silly cache addNamed cb find-java-home@0.1.2
332 verbose unbuild node_modules/java/node_modules/find-java-home
333 verbose gentlyRm vacuuming /Users/apprentice/Desktop/jamal-adell/ps_overflow/node_modules/java/node_modules/nan
334 verbose gentlyRm vacuuming /Users/apprentice/Desktop/jamal-adell/ps_overflow/node_modules/java/node_modules/find-java-home
335 silly gunzTarPerm extractEntry package.json
336 verbose tar unpack /Users/apprentice/.npm/nan/1.4.1/package.tgz
337 verbose tar unpacking to /Users/apprentice/Desktop/jamal-adell/ps_overflow/node_modules/java/node_modules/nan
338 verbose gentlyRm vacuuming /Users/apprentice/Desktop/jamal-adell/ps_overflow/node_modules/java/node_modules/nan
339 verbose tar unpack /Users/apprentice/.npm/find-java-home/0.1.2/package.tgz
340 verbose tar unpacking to /Users/apprentice/Desktop/jamal-adell/ps_overflow/node_modules/java/node_modules/find-java-home
341 verbose gentlyRm vacuuming /Users/apprentice/Desktop/jamal-adell/ps_overflow/node_modules/java/node_modules/find-java-home
342 silly gunzTarPerm modes [ '755', '644' ]
343 silly gunzTarPerm modes [ '755', '644' ]
344 silly gunzTarPerm extractEntry .npmignore
345 silly gunzTarPerm extractEntry README.md
346 silly gunzTarPerm extractEntry package.json
347 silly gunzTarPerm modified mode [ 'package.json', 436, 420 ]
348 silly gunzTarPerm extractEntry package.json
349 silly gunzTarPerm modified mode [ 'package.json', 436, 420 ]
350 silly gunzTarPerm extractEntry .npmignore
351 silly gunzTarPerm modified mode [ '.npmignore', 436, 420 ]
352 silly gunzTarPerm extractEntry README.md
353 silly gunzTarPerm modified mode [ 'README.md', 436, 420 ]
354 silly gunzTarPerm extractEntry include_dirs.js
355 silly gunzTarPerm modified mode [ 'include_dirs.js', 436, 420 ]
356 silly gunzTarPerm extractEntry appveyor.yml
357 silly gunzTarPerm modified mode [ 'appveyor.yml', 436, 420 ]
358 silly gunzTarPerm extractEntry LICENSE
359 silly gunzTarPerm extractEntry glob.js
360 silly gunzTarPerm extractEntry LICENSE
361 silly gunzTarPerm modified mode [ 'LICENSE', 436, 420 ]
362 silly gunzTarPerm extractEntry index.js
363 silly gunzTarPerm modified mode [ 'index.js', 436, 420 ]
364 silly gunzTarPerm extractEntry CHANGELOG.md
365 silly gunzTarPerm modified mode [ 'CHANGELOG.md', 436, 420 ]
366 silly gunzTarPerm extractEntry LICENSE.md
367 silly gunzTarPerm modified mode [ 'LICENSE.md', 436, 420 ]
368 silly gunzTarPerm extractEntry .travis.yml
369 silly gunzTarPerm extractEntry test.js
370 silly gunzTarPerm modified mode [ 'test.js', 436, 420 ]
371 silly gunzTarPerm extractEntry .travis.yml
372 silly gunzTarPerm modified mode [ '.travis.yml', 436, 420 ]
373 silly gunzTarPerm extractEntry .nan.h.un~
374 silly gunzTarPerm modified mode [ '.nan.h.un~', 436, 420 ]
375 silly gunzTarPerm extractEntry build/config.gypi
376 silly gunzTarPerm modified mode [ 'build/config.gypi', 436, 420 ]
377 silly gunzTarPerm extractEntry .dntrc
378 silly gunzTarPerm modified mode [ '.dntrc', 436, 420 ]
379 silly gunzTarPerm extractEntry nan.h
380 silly gunzTarPerm modified mode [ 'nan.h', 436, 420 ]
381 silly gunzTarPerm extractEntry nan.h.orig
382 silly gunzTarPerm modified mode [ 'nan.h.orig', 436, 420 ]
383 silly gunzTarPerm extractEntry examples/g.js
384 silly gunzTarPerm extractEntry examples/usr-local.js
385 silly gunzTarPerm extractEntry test/00-setup.js
386 silly gunzTarPerm extractEntry test/cwd-test.js
387 silly gunzTarPerm extractEntry test/globstar-match.js
388 silly gunzTarPerm extractEntry test/mark.js
389 info preinstall find-java-home@0.1.2
390 silly gunzTarPerm extractEntry test/stat.js
391 silly gunzTarPerm extractEntry test/bash-comparison.js
392 silly prepareForInstallMany adding which@~1.0.5 from find-java-home dependencies
393 silly cache add args [ 'which@~1.0.5', null ]
394 verbose cache add spec which@~1.0.5
395 silly cache add parsed spec { raw: 'which@~1.0.5',
395 silly cache add   scope: null,
395 silly cache add   name: 'which',
395 silly cache add   rawSpec: '~1.0.5',
395 silly cache add   spec: '>=1.0.5 <1.1.0',
395 silly cache add   type: 'range' }
396 verbose addNamed which@>=1.0.5 <1.1.0
397 silly addNamed semver.valid null
398 silly addNamed semver.validRange >=1.0.5 <1.1.0
399 silly addNameRange { name: 'which', range: '>=1.0.5 <1.1.0', hasData: false }
400 silly mapToRegistry name which
401 silly mapToRegistry using default registry
402 silly mapToRegistry registry https://registry.npmjs.org/
403 silly mapToRegistry uri https://registry.npmjs.org/which
404 verbose addNameRange registry:https://registry.npmjs.org/which not in flight; fetching
405 verbose request uri https://registry.npmjs.org/which
406 verbose request no auth needed
407 info attempt registry request try #1 at 09:50:26
408 http request GET https://registry.npmjs.org/which
409 silly gunzTarPerm extractEntry test/pause-resume.js
410 silly gunzTarPerm extractEntry test/readme-issue.js
411 silly gunzTarPerm extractEntry test/root-nomount.js
412 silly gunzTarPerm extractEntry test/root.js
413 silly gunzTarPerm extractEntry test/new-glob-optional-options.js
414 silly gunzTarPerm extractEntry test/zz-cleanup.js
415 silly gunzTarPerm extractEntry test/nocase-nomagic.js
416 silly gunzTarPerm extractEntry test/bash-results.json
417 http 200 https://registry.npmjs.org/which
418 silly get cb [ 200,
418 silly get   { date: 'Thu, 26 Feb 2015 17:50:25 GMT',
418 silly get     server: 'CouchDB/1.5.0 (Erlang OTP/R16B03)',
418 silly get     etag: '"F3262IC6EJ4VBE6Q1J3TIKZYG"',
418 silly get     'content-type': 'application/json',
418 silly get     'cache-control': 'max-age=60',
418 silly get     'content-length': '9190',
418 silly get     'accept-ranges': 'bytes',
418 silly get     via: '1.1 varnish',
418 silly get     age: '3',
418 silly get     'x-served-by': 'cache-sjc3130-SJC',
418 silly get     'x-cache': 'HIT',
418 silly get     'x-cache-hits': '2',
418 silly get     'x-timer': 'S1424973025.338038,VS0,VE0',
418 silly get     vary: 'Accept',
418 silly get     'keep-alive': 'timeout=10, max=50',
418 silly get     connection: 'Keep-Alive' } ]
419 silly addNameRange number 2 { name: 'which', range: '>=1.0.5 <1.1.0', hasData: true }
420 silly addNameRange versions [ 'which',
420 silly addNameRange   [ '1.0.0',
420 silly addNameRange     '1.0.1',
420 silly addNameRange     '1.0.2',
420 silly addNameRange     '1.0.3',
420 silly addNameRange     '1.0.5',
420 silly addNameRange     '1.0.6',
420 silly addNameRange     '1.0.7',
420 silly addNameRange     '1.0.8',
420 silly addNameRange     '1.0.9' ] ]
421 verbose addNamed which@1.0.9
422 silly addNamed semver.valid 1.0.9
423 silly addNamed semver.validRange 1.0.9
424 silly mapToRegistry name which
425 silly mapToRegistry using default registry
426 silly mapToRegistry registry https://registry.npmjs.org/
427 silly mapToRegistry uri https://registry.npmjs.org/which
428 verbose addRemoteTarball https://registry.npmjs.org/which/-/which-1.0.9.tgz not in flight; adding
429 verbose addRemoteTarball [ 'https://registry.npmjs.org/which/-/which-1.0.9.tgz',
429 verbose addRemoteTarball   '460c1da0f810103d0321a9b633af9e575e64486f' ]
430 info retry fetch attempt 1 at 09:50:26
431 info attempt registry request try #1 at 09:50:26
432 http fetch GET https://registry.npmjs.org/which/-/which-1.0.9.tgz
433 info preinstall glob@3.2.11
434 silly prepareForInstallMany adding inherits@2 from glob dependencies
435 silly prepareForInstallMany adding minimatch@0.3 from glob dependencies
436 silly cache add args [ 'inherits@2', null ]
437 verbose cache add spec inherits@2
438 silly cache add args [ 'minimatch@0.3', null ]
439 verbose cache add spec minimatch@0.3
440 silly cache add parsed spec { raw: 'inherits@2',
440 silly cache add   scope: null,
440 silly cache add   name: 'inherits',
440 silly cache add   rawSpec: '2',
440 silly cache add   spec: '>=2.0.0 <3.0.0',
440 silly cache add   type: 'range' }
441 verbose addNamed inherits@>=2.0.0 <3.0.0
442 silly addNamed semver.valid null
443 silly addNamed semver.validRange >=2.0.0 <3.0.0
444 silly addNameRange { name: 'inherits', range: '>=2.0.0 <3.0.0', hasData: false }
445 silly mapToRegistry name inherits
446 silly mapToRegistry using default registry
447 silly mapToRegistry registry https://registry.npmjs.org/
448 silly mapToRegistry uri https://registry.npmjs.org/inherits
449 verbose addNameRange registry:https://registry.npmjs.org/inherits not in flight; fetching
450 silly cache add parsed spec { raw: 'minimatch@0.3',
450 silly cache add   scope: null,
450 silly cache add   name: 'minimatch',
450 silly cache add   rawSpec: '0.3',
450 silly cache add   spec: '>=0.3.0 <0.4.0',
450 silly cache add   type: 'range' }
451 verbose addNamed minimatch@>=0.3.0 <0.4.0
452 silly addNamed semver.valid null
453 silly addNamed semver.validRange >=0.3.0 <0.4.0
454 silly addNameRange { name: 'minimatch', range: '>=0.3.0 <0.4.0', hasData: false }
455 silly mapToRegistry name minimatch
456 silly mapToRegistry using default registry
457 silly mapToRegistry registry https://registry.npmjs.org/
458 silly mapToRegistry uri https://registry.npmjs.org/minimatch
459 verbose addNameRange registry:https://registry.npmjs.org/minimatch not in flight; fetching
460 http fetch 200 https://registry.npmjs.org/which/-/which-1.0.9.tgz
461 verbose request uri https://registry.npmjs.org/inherits
462 verbose request no auth needed
463 info attempt registry request try #1 at 09:50:26
464 verbose etag "6PS1S4KP0HV591J2MU7SP7CKF"
465 http request GET https://registry.npmjs.org/inherits
466 verbose request uri https://registry.npmjs.org/minimatch
467 verbose request no auth needed
468 info attempt registry request try #1 at 09:50:26
469 verbose etag "76CEA6G0HX9V73V554BU0343K"
470 http request GET https://registry.npmjs.org/minimatch
471 silly fetchAndShaCheck shasum 460c1da0f810103d0321a9b633af9e575e64486f
472 verbose addTmpTarball /var/folders/_w/btzn3j5n3s7f409vt0zj50_00000gn/T/npm-73076-bc71ef5d/registry.npmjs.org/which/-/which-1.0.9.tgz not in flight; adding
473 verbose addTmpTarball already have metadata; skipping unpack for which@1.0.9
474 silly cache afterAdd which@1.0.9
475 verbose afterAdd /Users/apprentice/.npm/which/1.0.9/package/package.json not in flight; writing
476 verbose afterAdd /Users/apprentice/.npm/which/1.0.9/package/package.json written
477 silly install resolved [ { author:
477 silly install resolved      { name: 'Isaac Z. Schlueter',
477 silly install resolved        email: 'i@izs.me',
477 silly install resolved        url: 'http://blog.izs.me' },
477 silly install resolved     name: 'which',
477 silly install resolved     description: 'Like which(1) unix command. Find the first instance of an executable in the PATH.',
477 silly install resolved     version: '1.0.9',
477 silly install resolved     repository: { type: 'git', url: 'git://github.com/isaacs/node-which.git' },
477 silly install resolved     main: 'which.js',
477 silly install resolved     bin: { which: './bin/which' },
477 silly install resolved     license: 'ISC',
477 silly install resolved     gitHead: 'df3d52a0ecd5f366d550e0f14d67ca4d5e621bad',
477 silly install resolved     bugs: { url: 'https://github.com/isaacs/node-which/issues' },
477 silly install resolved     homepage: 'https://github.com/isaacs/node-which',
477 silly install resolved     _id: 'which@1.0.9',
477 silly install resolved     scripts: {},
477 silly install resolved     _shasum: '460c1da0f810103d0321a9b633af9e575e64486f',
477 silly install resolved     _from: 'which@>=1.0.5 <1.1.0',
477 silly install resolved     _npmVersion: '2.6.0',
477 silly install resolved     _nodeVersion: '1.1.0',
477 silly install resolved     _npmUser: { name: 'isaacs', email: 'i@izs.me' },
477 silly install resolved     maintainers: [ [Object] ],
477 silly install resolved     dist:
477 silly install resolved      { shasum: '460c1da0f810103d0321a9b633af9e575e64486f',
477 silly install resolved        tarball: 'http://registry.npmjs.org/which/-/which-1.0.9.tgz' },
477 silly install resolved     directories: {},
477 silly install resolved     _resolved: 'https://registry.npmjs.org/which/-/which-1.0.9.tgz' } ]
478 info install which@1.0.9 into /Users/apprentice/Desktop/jamal-adell/ps_overflow/node_modules/java/node_modules/find-java-home
479 info installOne which@1.0.9
480 verbose installOne of which to /Users/apprentice/Desktop/jamal-adell/ps_overflow/node_modules/java/node_modules/find-java-home not in flight; installing
481 verbose lock using /Users/apprentice/.npm/_locks/which-ccba3ef24a4baa2a.lock for /Users/apprentice/Desktop/jamal-adell/ps_overflow/node_modules/java/node_modules/find-java-home/node_modules/which
482 silly install write writing which 1.0.9 to /Users/apprentice/Desktop/jamal-adell/ps_overflow/node_modules/java/node_modules/find-java-home/node_modules/which
483 silly cache addNamed cb which@1.0.9
484 verbose unbuild node_modules/java/node_modules/find-java-home/node_modules/which
485 verbose gentlyRm vacuuming /Users/apprentice/Desktop/jamal-adell/ps_overflow/node_modules/java/node_modules/find-java-home/node_modules/which
486 verbose tar unpack /Users/apprentice/.npm/which/1.0.9/package.tgz
487 verbose tar unpacking to /Users/apprentice/Desktop/jamal-adell/ps_overflow/node_modules/java/node_modules/find-java-home/node_modules/which
488 verbose gentlyRm vacuuming /Users/apprentice/Desktop/jamal-adell/ps_overflow/node_modules/java/node_modules/find-java-home/node_modules/which
489 silly gunzTarPerm modes [ '755', '644' ]
490 silly gunzTarPerm extractEntry package.json
491 silly gunzTarPerm extractEntry README.md
492 silly gunzTarPerm extractEntry LICENSE
493 http 304 https://registry.npmjs.org/minimatch
494 silly get cb [ 304,
494 silly get   { date: 'Thu, 26 Feb 2015 17:50:25 GMT',
494 silly get     server: 'Apache',
494 silly get     via: '1.1 varnish',
494 silly get     'last-modified': 'Thu, 26 Feb 2015 17:50:07 GMT',
494 silly get     'cache-control': 'max-age=60',
494 silly get     etag: '"76CEA6G0HX9V73V554BU0343K"',
494 silly get     age: '22',
494 silly get     'x-served-by': 'cache-sjc3120-SJC',
494 silly get     'x-cache': 'HIT',
494 silly get     'x-cache-hits': '4',
494 silly get     'x-timer': 'S1424973025.405150,VS0,VE0',
494 silly get     vary: 'Accept',
494 silly get     'content-length': '0',
494 silly get     'keep-alive': 'timeout=10, max=50',
494 silly get     connection: 'Keep-Alive' } ]
495 verbose etag https://registry.npmjs.org/minimatch from cache
496 silly gunzTarPerm extractEntry which.js
497 silly gunzTarPerm extractEntry bin/which
498 silly addNameRange number 2 { name: 'minimatch', range: '>=0.3.0 <0.4.0', hasData: true }
499 silly addNameRange versions [ 'minimatch',
499 silly addNameRange   [ '0.0.1',
499 silly addNameRange     '0.0.2',
499 silly addNameRange     '0.0.4',
499 silly addNameRange     '0.0.5',
499 silly addNameRange     '0.1.1',
499 silly addNameRange     '0.1.2',
499 silly addNameRange     '0.1.3',
499 silly addNameRange     '0.1.4',
499 silly addNameRange     '0.1.5',
499 silly addNameRange     '0.2.0',
499 silly addNameRange     '0.2.2',
499 silly addNameRange     '0.2.3',
499 silly addNameRange     '0.2.4',
499 silly addNameRange     '0.2.5',
499 silly addNameRange     '0.2.6',
499 silly addNameRange     '0.2.7',
499 silly addNameRange     '0.2.8',
499 silly addNameRange     '0.2.9',
499 silly addNameRange     '0.2.10',
499 silly addNameRange     '0.2.11',
499 silly addNameRange     '0.2.12',
499 silly addNameRange     '0.2.13',
499 silly addNameRange     '0.2.14',
499 silly addNameRange     '0.3.0',
499 silly addNameRange     '0.4.0',
499 silly addNameRange     '1.0.0',
499 silly addNameRange     '2.0.0',
499 silly addNameRange     '2.0.1' ] ]
500 verbose addNamed minimatch@0.3.0
501 silly addNamed semver.valid 0.3.0
502 silly addNamed semver.validRange 0.3.0
503 silly cache afterAdd minimatch@0.3.0
504 verbose afterAdd /Users/apprentice/.npm/minimatch/0.3.0/package/package.json not in flight; writing
505 verbose afterAdd /Users/apprentice/.npm/minimatch/0.3.0/package/package.json written
506 info preinstall which@1.0.9
507 silly install resolved []
508 verbose about to build /Users/apprentice/Desktop/jamal-adell/ps_overflow/node_modules/java/node_modules/find-java-home/node_modules/which
509 info build /Users/apprentice/Desktop/jamal-adell/ps_overflow/node_modules/java/node_modules/find-java-home/node_modules/which
510 verbose linkStuff [ false,
510 verbose linkStuff   false,
510 verbose linkStuff   false,
510 verbose linkStuff   '/Users/apprentice/Desktop/jamal-adell/ps_overflow/node_modules/java/node_modules/find-java-home/node_modules' ]
511 info linkStuff which@1.0.9
512 verbose linkBins which@1.0.9
513 verbose link bins [ { which: './bin/which' },
513 verbose link bins   '/Users/apprentice/Desktop/jamal-adell/ps_overflow/node_modules/java/node_modules/find-java-home/node_modules/.bin',
513 verbose link bins   false ]
514 verbose linkMans which@1.0.9
515 verbose rebuildBundles which@1.0.9
516 verbose gentlyRm vacuuming /Users/apprentice/Desktop/jamal-adell/ps_overflow/node_modules/java/node_modules/find-java-home/node_modules/.bin/which
517 info install which@1.0.9
518 info preinstall nan@1.4.1
519 info postinstall which@1.0.9
520 silly install resolved []
521 verbose about to build /Users/apprentice/Desktop/jamal-adell/ps_overflow/node_modules/java/node_modules/nan
522 info build /Users/apprentice/Desktop/jamal-adell/ps_overflow/node_modules/java/node_modules/nan
523 verbose linkStuff [ false,
523 verbose linkStuff   false,
523 verbose linkStuff   false,
523 verbose linkStuff   '/Users/apprentice/Desktop/jamal-adell/ps_overflow/node_modules/java/node_modules' ]
524 info linkStuff nan@1.4.1
525 verbose unlock done using /Users/apprentice/.npm/_locks/which-ccba3ef24a4baa2a.lock for /Users/apprentice/Desktop/jamal-adell/ps_overflow/node_modules/java/node_modules/find-java-home/node_modules/which
526 verbose about to build /Users/apprentice/Desktop/jamal-adell/ps_overflow/node_modules/java/node_modules/find-java-home
527 info build /Users/apprentice/Desktop/jamal-adell/ps_overflow/node_modules/java/node_modules/find-java-home
528 verbose linkStuff [ false,
528 verbose linkStuff   false,
528 verbose linkStuff   false,
528 verbose linkStuff   '/Users/apprentice/Desktop/jamal-adell/ps_overflow/node_modules/java/node_modules' ]
529 info linkStuff find-java-home@0.1.2
530 verbose linkBins nan@1.4.1
531 verbose linkMans nan@1.4.1
532 verbose rebuildBundles nan@1.4.1
533 verbose linkBins find-java-home@0.1.2
534 verbose linkMans find-java-home@0.1.2
535 verbose rebuildBundles find-java-home@0.1.2
536 info install nan@1.4.1
537 verbose rebuildBundles [ '.bin', 'which' ]
538 info install find-java-home@0.1.2
539 info postinstall nan@1.4.1
540 info postinstall find-java-home@0.1.2
541 verbose unlock done using /Users/apprentice/.npm/_locks/nan-d303ba32f9f1856b.lock for /Users/apprentice/Desktop/jamal-adell/ps_overflow/node_modules/java/node_modules/nan
542 verbose unlock done using /Users/apprentice/.npm/_locks/find-java-home-d04724fa6ed846da.lock for /Users/apprentice/Desktop/jamal-adell/ps_overflow/node_modules/java/node_modules/find-java-home
543 http 304 https://registry.npmjs.org/inherits
544 silly get cb [ 304,
544 silly get   { date: 'Thu, 26 Feb 2015 17:50:25 GMT',
544 silly get     server: 'Apache',
544 silly get     via: '1.1 varnish',
544 silly get     'last-modified': 'Thu, 26 Feb 2015 17:50:25 GMT',
544 silly get     'cache-control': 'max-age=60',
544 silly get     etag: '"6PS1S4KP0HV591J2MU7SP7CKF"',
544 silly get     age: '0',
544 silly get     'x-served-by': 'cache-sjc3122-SJC',
544 silly get     'x-cache': 'HIT',
544 silly get     'x-cache-hits': '1',
544 silly get     'x-timer': 'S1424973025.401312,VS0,VE81',
544 silly get     vary: 'Accept',
544 silly get     'content-length': '0',
544 silly get     'keep-alive': 'timeout=10, max=50',
544 silly get     connection: 'Keep-Alive' } ]
545 verbose etag https://registry.npmjs.org/inherits from cache
546 silly addNameRange number 2 { name: 'inherits', range: '>=2.0.0 <3.0.0', hasData: true }
547 silly addNameRange versions [ 'inherits', [ '1.0.0', '2.0.0', '2.0.1' ] ]
548 verbose addNamed inherits@2.0.1
549 silly addNamed semver.valid 2.0.1
550 silly addNamed semver.validRange 2.0.1
551 silly cache afterAdd inherits@2.0.1
552 verbose afterAdd /Users/apprentice/.npm/inherits/2.0.1/package/package.json not in flight; writing
553 verbose afterAdd /Users/apprentice/.npm/inherits/2.0.1/package/package.json written
554 silly install resolved [ { author:
554 silly install resolved      { name: 'Isaac Z. Schlueter',
554 silly install resolved        email: 'i@izs.me',
554 silly install resolved        url: 'http://blog.izs.me' },
554 silly install resolved     name: 'minimatch',
554 silly install resolved     description: 'a glob matcher in javascript',
554 silly install resolved     version: '0.3.0',
554 silly install resolved     repository: { type: 'git', url: 'git://github.com/isaacs/minimatch.git' },
554 silly install resolved     main: 'minimatch.js',
554 silly install resolved     scripts: { test: 'tap test/*.js' },
554 silly install resolved     engines: { node: '*' },
554 silly install resolved     dependencies: { 'lru-cache': '2', sigmund: '~1.0.0' },
554 silly install resolved     devDependencies: { tap: '' },
554 silly install resolved     license:
554 silly install resolved      { type: 'MIT',
554 silly install resolved        url: 'http://github.com/isaacs/minimatch/raw/master/LICENSE' },
554 silly install resolved     bugs: { url: 'https://github.com/isaacs/minimatch/issues' },
554 silly install resolved     homepage: 'https://github.com/isaacs/minimatch',
554 silly install resolved     _id: 'minimatch@0.3.0',
554 silly install resolved     _shasum: '275d8edaac4f1bb3326472089e7949c8394699dd',
554 silly install resolved     _from: 'minimatch@>=0.3.0 <0.4.0',
554 silly install resolved     _npmVersion: '1.4.10',
554 silly install resolved     _npmUser: { name: 'isaacs', email: 'i@izs.me' },
554 silly install resolved     maintainers: [ [Object] ],
554 silly install resolved     dist:
554 silly install resolved      { shasum: '275d8edaac4f1bb3326472089e7949c8394699dd',
554 silly install resolved        tarball: 'http://registry.npmjs.org/minimatch/-/minimatch-0.3.0.tgz' },
554 silly install resolved     directories: {},
554 silly install resolved     _resolved: 'https://registry.npmjs.org/minimatch/-/minimatch-0.3.0.tgz',
554 silly install resolved     readme: 'ERROR: No README data found!' },
554 silly install resolved   { name: 'inherits',
554 silly install resolved     description: 'Browser-friendly inheritance fully compatible with standard node.js inherits()',
554 silly install resolved     version: '2.0.1',
554 silly install resolved     keywords:
554 silly install resolved      [ 'inheritance',
554 silly install resolved        'class',
554 silly install resolved        'klass',
554 silly install resolved        'oop',
554 silly install resolved        'object-oriented',
554 silly install resolved        'inherits',
554 silly install resolved        'browser',
554 silly install resolved        'browserify' ],
554 silly install resolved     main: './inherits.js',
554 silly install resolved     browser: './inherits_browser.js',
554 silly install resolved     repository: { type: 'git', url: 'git://github.com/isaacs/inherits' },
554 silly install resolved     license: 'ISC',
554 silly install resolved     scripts: { test: 'node test' },
554 silly install resolved     readme: 'Browser-friendly inheritance fully compatible with standard node.js\n[inherits](http://nodejs.org/api/util.html#util_util_inherits_constructor_superconstructor).\n\nThis package exports standard `inherits` from node.js `util` module in\nnode environment, but also provides alternative browser-friendly\nimplementation through [browser\nfield](https://gist.github.com/shtylman/4339901). Alternative\nimplementation is a literal copy of standard one located in standalone\nmodule to avoid requiring of `util`. It also has a shim for old\nbrowsers with no `Object.create` support.\n\nWhile keeping you sure you are using standard `inherits`\nimplementation in node.js environment, it allows bundlers such as\n[browserify](https://github.com/substack/node-browserify) to not\ninclude full `util` package to your client code if all you need is\njust `inherits` function. It worth, because browser shim for `util`\npackage is large and `inherits` is often the single function you need\nfrom it.\n\nIt\'s recommended to use this package instead of\n`require(\'util\').inherits` for any code that has chances to be used\nnot only in node.js but in browser too.\n\n## usage\n\n```js\nvar inherits = require(\'inherits\');\n// then use exactly as the standard one\n```\n\n## note on version ~1.0\n\nVersion ~1.0 had completely different motivation and is not compatible\nneither with 2.0 nor with standard node.js `inherits`.\n\nIf you are using version ~1.0 and planning to switch to ~2.0, be\ncareful:\n\n* new version uses `super_` instead of `super` for referencing\n  superclass\n* new version overwrites current prototype while old one preserves any\n  existing fields on it\n',
554 silly install resolved     readmeFilename: 'README.md',
554 silly install resolved     bugs: { url: 'https://github.com/isaacs/inherits/issues' },
554 silly install resolved     _id: 'inherits@2.0.1',
554 silly install resolved     dist:
554 silly install resolved      { shasum: 'b17d08d326b4423e568eff719f91b0b1cbdf69f1',
554 silly install resolved        tarball: 'http://registry.npmjs.org/inherits/-/inherits-2.0.1.tgz' },
554 silly install resolved     _from: 'inherits@>=2.0.0 <3.0.0',
554 silly install resolved     _npmVersion: '1.3.8',
554 silly install resolved     _npmUser: { name: 'isaacs', email: 'i@izs.me' },
554 silly install resolved     maintainers: [ [Object] ],
554 silly install resolved     directories: {},
554 silly install resolved     _shasum: 'b17d08d326b4423e568eff719f91b0b1cbdf69f1',
554 silly install resolved     _resolved: 'https://registry.npmjs.org/inherits/-/inherits-2.0.1.tgz',
554 silly install resolved     homepage: 'https://github.com/isaacs/inherits' } ]
555 info install minimatch@0.3.0 into /Users/apprentice/Desktop/jamal-adell/ps_overflow/node_modules/java/node_modules/glob
556 info install inherits@2.0.1 into /Users/apprentice/Desktop/jamal-adell/ps_overflow/node_modules/java/node_modules/glob
557 info installOne minimatch@0.3.0
558 verbose installOne of minimatch to /Users/apprentice/Desktop/jamal-adell/ps_overflow/node_modules/java/node_modules/glob not in flight; installing
559 info installOne inherits@2.0.1
560 verbose installOne of inherits to /Users/apprentice/Desktop/jamal-adell/ps_overflow/node_modules/java/node_modules/glob not in flight; installing
561 verbose lock using /Users/apprentice/.npm/_locks/minimatch-1874855cb2cb56d1.lock for /Users/apprentice/Desktop/jamal-adell/ps_overflow/node_modules/java/node_modules/glob/node_modules/minimatch
562 verbose lock using /Users/apprentice/.npm/_locks/inherits-a5aaba4823ee44cb.lock for /Users/apprentice/Desktop/jamal-adell/ps_overflow/node_modules/java/node_modules/glob/node_modules/inherits
563 silly install write writing minimatch 0.3.0 to /Users/apprentice/Desktop/jamal-adell/ps_overflow/node_modules/java/node_modules/glob/node_modules/minimatch
564 silly cache addNamed cb minimatch@0.3.0
565 verbose unbuild node_modules/java/node_modules/glob/node_modules/minimatch
566 silly install write writing inherits 2.0.1 to /Users/apprentice/Desktop/jamal-adell/ps_overflow/node_modules/java/node_modules/glob/node_modules/inherits
567 silly cache addNamed cb inherits@2.0.1
568 verbose unbuild node_modules/java/node_modules/glob/node_modules/inherits
569 verbose gentlyRm vacuuming /Users/apprentice/Desktop/jamal-adell/ps_overflow/node_modules/java/node_modules/glob/node_modules/minimatch
570 verbose gentlyRm vacuuming /Users/apprentice/Desktop/jamal-adell/ps_overflow/node_modules/java/node_modules/glob/node_modules/inherits
571 verbose tar unpack /Users/apprentice/.npm/minimatch/0.3.0/package.tgz
572 verbose tar unpacking to /Users/apprentice/Desktop/jamal-adell/ps_overflow/node_modules/java/node_modules/glob/node_modules/minimatch
573 verbose gentlyRm vacuuming /Users/apprentice/Desktop/jamal-adell/ps_overflow/node_modules/java/node_modules/glob/node_modules/minimatch
574 verbose tar unpack /Users/apprentice/.npm/inherits/2.0.1/package.tgz
575 verbose tar unpacking to /Users/apprentice/Desktop/jamal-adell/ps_overflow/node_modules/java/node_modules/glob/node_modules/inherits
576 verbose gentlyRm vacuuming /Users/apprentice/Desktop/jamal-adell/ps_overflow/node_modules/java/node_modules/glob/node_modules/inherits
577 silly gunzTarPerm modes [ '755', '644' ]
578 silly gunzTarPerm modes [ '755', '644' ]
579 silly gunzTarPerm extractEntry package.json
580 silly gunzTarPerm extractEntry package.json
581 silly gunzTarPerm extractEntry .npmignore
582 silly gunzTarPerm extractEntry README.md
583 silly gunzTarPerm extractEntry README.md
584 silly gunzTarPerm extractEntry LICENSE
585 silly gunzTarPerm extractEntry LICENSE
586 silly gunzTarPerm extractEntry minimatch.js
587 silly gunzTarPerm extractEntry inherits.js
588 silly gunzTarPerm extractEntry inherits_browser.js
589 silly gunzTarPerm extractEntry test/basic.js
590 silly gunzTarPerm extractEntry test.js
591 silly gunzTarPerm extractEntry test/brace-expand.js
592 silly gunzTarPerm extractEntry test/caching.js
593 silly gunzTarPerm extractEntry test/defaults.js
594 silly gunzTarPerm extractEntry test/extglob-ending-with-state-char.js
595 info preinstall inherits@2.0.1
596 silly install resolved []
597 verbose about to build /Users/apprentice/Desktop/jamal-adell/ps_overflow/node_modules/java/node_modules/glob/node_modules/inherits
598 info build /Users/apprentice/Desktop/jamal-adell/ps_overflow/node_modules/java/node_modules/glob/node_modules/inherits
599 verbose linkStuff [ false,
599 verbose linkStuff   false,
599 verbose linkStuff   false,
599 verbose linkStuff   '/Users/apprentice/Desktop/jamal-adell/ps_overflow/node_modules/java/node_modules/glob/node_modules' ]
600 info linkStuff inherits@2.0.1
601 verbose linkBins inherits@2.0.1
602 verbose linkMans inherits@2.0.1
603 verbose rebuildBundles inherits@2.0.1
604 info install inherits@2.0.1
605 info postinstall inherits@2.0.1
606 verbose unlock done using /Users/apprentice/.npm/_locks/inherits-a5aaba4823ee44cb.lock for /Users/apprentice/Desktop/jamal-adell/ps_overflow/node_modules/java/node_modules/glob/node_modules/inherits
607 info preinstall minimatch@0.3.0
608 silly prepareForInstallMany adding lru-cache@2 from minimatch dependencies
609 silly prepareForInstallMany adding sigmund@~1.0.0 from minimatch dependencies
610 silly cache add args [ 'lru-cache@2', null ]
611 verbose cache add spec lru-cache@2
612 silly cache add args [ 'sigmund@~1.0.0', null ]
613 verbose cache add spec sigmund@~1.0.0
614 silly cache add parsed spec { raw: 'lru-cache@2',
614 silly cache add   scope: null,
614 silly cache add   name: 'lru-cache',
614 silly cache add   rawSpec: '2',
614 silly cache add   spec: '>=2.0.0 <3.0.0',
614 silly cache add   type: 'range' }
615 verbose addNamed lru-cache@>=2.0.0 <3.0.0
616 silly addNamed semver.valid null
617 silly addNamed semver.validRange >=2.0.0 <3.0.0
618 silly addNameRange { name: 'lru-cache', range: '>=2.0.0 <3.0.0', hasData: false }
619 silly mapToRegistry name lru-cache
620 silly mapToRegistry using default registry
621 silly mapToRegistry registry https://registry.npmjs.org/
622 silly mapToRegistry uri https://registry.npmjs.org/lru-cache
623 verbose addNameRange registry:https://registry.npmjs.org/lru-cache not in flight; fetching
624 silly cache add parsed spec { raw: 'sigmund@~1.0.0',
624 silly cache add   scope: null,
624 silly cache add   name: 'sigmund',
624 silly cache add   rawSpec: '~1.0.0',
624 silly cache add   spec: '>=1.0.0 <1.1.0',
624 silly cache add   type: 'range' }
625 verbose addNamed sigmund@>=1.0.0 <1.1.0
626 silly addNamed semver.valid null
627 silly addNamed semver.validRange >=1.0.0 <1.1.0
628 silly addNameRange { name: 'sigmund', range: '>=1.0.0 <1.1.0', hasData: false }
629 silly mapToRegistry name sigmund
630 silly mapToRegistry using default registry
631 silly mapToRegistry registry https://registry.npmjs.org/
632 silly mapToRegistry uri https://registry.npmjs.org/sigmund
633 verbose addNameRange registry:https://registry.npmjs.org/sigmund not in flight; fetching
634 verbose request uri https://registry.npmjs.org/lru-cache
635 verbose request no auth needed
636 info attempt registry request try #1 at 09:50:26
637 verbose etag "8FG71A0GENBGO2H9IVT4WXMV3"
638 http request GET https://registry.npmjs.org/lru-cache
639 verbose request uri https://registry.npmjs.org/sigmund
640 verbose request no auth needed
641 info attempt registry request try #1 at 09:50:26
642 verbose etag "1UN8XB4E4HVQ1LV4BDB2PCYCO"
643 http request GET https://registry.npmjs.org/sigmund
644 http 304 https://registry.npmjs.org/sigmund
645 silly get cb [ 304,
645 silly get   { date: 'Thu, 26 Feb 2015 17:50:25 GMT',
645 silly get     server: 'Apache',
645 silly get     via: '1.1 varnish',
645 silly get     'last-modified': 'Thu, 26 Feb 2015 17:49:46 GMT',
645 silly get     'cache-control': 'max-age=60',
645 silly get     etag: '"1UN8XB4E4HVQ1LV4BDB2PCYCO"',
645 silly get     age: '48',
645 silly get     'x-served-by': 'cache-sjc3121-SJC',
645 silly get     'x-cache': 'HIT',
645 silly get     'x-cache-hits': '5',
645 silly get     'x-timer': 'S1424973025.563683,VS0,VE0',
645 silly get     vary: 'Accept',
645 silly get     'content-length': '0',
645 silly get     'keep-alive': 'timeout=10, max=50',
645 silly get     connection: 'Keep-Alive' } ]
646 verbose etag https://registry.npmjs.org/sigmund from cache
647 http 304 https://registry.npmjs.org/lru-cache
648 silly get cb [ 304,
648 silly get   { date: 'Thu, 26 Feb 2015 17:50:25 GMT',
648 silly get     server: 'Apache',
648 silly get     via: '1.1 varnish',
648 silly get     'last-modified': 'Thu, 26 Feb 2015 17:49:49 GMT',
648 silly get     'cache-control': 'max-age=60',
648 silly get     etag: '"8FG71A0GENBGO2H9IVT4WXMV3"',
648 silly get     age: '60',
648 silly get     'x-served-by': 'cache-sjc3122-SJC',
648 silly get     'x-cache': 'HIT',
648 silly get     'x-cache-hits': '4',
648 silly get     'x-timer': 'S1424973025.565532,VS0,VE0',
648 silly get     vary: 'Accept',
648 silly get     'content-length': '0',
648 silly get     'keep-alive': 'timeout=10, max=50',
648 silly get     connection: 'Keep-Alive' } ]
649 verbose etag https://registry.npmjs.org/lru-cache from cache
650 silly addNameRange number 2 { name: 'sigmund', range: '>=1.0.0 <1.1.0', hasData: true }
651 silly addNameRange versions [ 'sigmund', [ '1.0.0' ] ]
652 verbose addNamed sigmund@1.0.0
653 silly addNamed semver.valid 1.0.0
654 silly addNamed semver.validRange 1.0.0
655 silly addNameRange number 2 { name: 'lru-cache', range: '>=2.0.0 <3.0.0', hasData: true }
656 silly addNameRange versions [ 'lru-cache',
656 silly addNameRange   [ '1.0.1',
656 silly addNameRange     '1.0.2',
656 silly addNameRange     '1.0.3',
656 silly addNameRange     '1.0.4',
656 silly addNameRange     '1.0.5',
656 silly addNameRange     '1.0.6',
656 silly addNameRange     '1.1.0',
656 silly addNameRange     '1.1.1',
656 silly addNameRange     '2.0.0',
656 silly addNameRange     '2.0.1',
656 silly addNameRange     '2.0.2',
656 silly addNameRange     '2.0.3',
656 silly addNameRange     '2.0.4',
656 silly addNameRange     '2.1.0',
656 silly addNameRange     '2.2.0',
656 silly addNameRange     '2.2.1',
656 silly addNameRange     '2.2.2',
656 silly addNameRange     '2.2.4',
656 silly addNameRange     '2.3.0',
656 silly addNameRange     '2.3.1',
656 silly addNameRange     '2.5.0' ] ]
657 verbose addNamed lru-cache@2.5.0
658 silly addNamed semver.valid 2.5.0
659 silly addNamed semver.validRange 2.5.0
660 silly cache afterAdd sigmund@1.0.0
661 verbose afterAdd /Users/apprentice/.npm/sigmund/1.0.0/package/package.json not in flight; writing
662 silly cache afterAdd lru-cache@2.5.0
663 verbose afterAdd /Users/apprentice/.npm/lru-cache/2.5.0/package/package.json not in flight; writing
664 verbose afterAdd /Users/apprentice/.npm/sigmund/1.0.0/package/package.json written
665 verbose afterAdd /Users/apprentice/.npm/lru-cache/2.5.0/package/package.json written
666 silly install resolved [ { name: 'sigmund',
666 silly install resolved     version: '1.0.0',
666 silly install resolved     description: 'Quick and dirty signatures for Objects.',
666 silly install resolved     main: 'sigmund.js',
666 silly install resolved     directories: { test: 'test' },
666 silly install resolved     dependencies: {},
666 silly install resolved     devDependencies: { tap: '~0.3.0' },
666 silly install resolved     scripts: { test: 'tap test/*.js', bench: 'node bench.js' },
666 silly install resolved     repository: { type: 'git', url: 'git://github.com/isaacs/sigmund' },
666 silly install resolved     keywords: [ 'object', 'signature', 'key', 'data', 'psychoanalysis' ],
666 silly install resolved     author:
666 silly install resolved      { name: 'Isaac Z. Schlueter',
666 silly install resolved        email: 'i@izs.me',
666 silly install resolved        url: 'http://blog.izs.me/' },
666 silly install resolved     license: 'BSD',
666 silly install resolved     readme: '# sigmund\n\nQuick and dirty signatures for Objects.\n\nThis is like a much faster `deepEquals` comparison, which returns a\nstring key suitable for caches and the like.\n\n## Usage\n\n```javascript\nfunction doSomething (someObj) {\n  var key = sigmund(someObj, maxDepth) // max depth defaults to 10\n  var cached = cache.get(key)\n  if (cached) return cached)\n\n  var result = expensiveCalculation(someObj)\n  cache.set(key, result)\n  return result\n}\n```\n\nThe resulting key will be as unique and reproducible as calling\n`JSON.stringify` or `util.inspect` on the object, but is much faster.\nIn order to achieve this speed, some differences are glossed over.\nFor example, the object `{0:\'foo\'}` will be treated identically to the\narray `[\'foo\']`.\n\nAlso, just as there is no way to summon the soul from the scribblings\nof a cocain-addled psychoanalyst, there is no way to revive the object\nfrom the signature string that sigmund gives you.  In fact, it\'s\nbarely even readable.\n\nAs with `sys.inspect` and `JSON.stringify`, larger objects will\nproduce larger signature strings.\n\nBecause sigmund is a bit less strict than the more thorough\nalternatives, the strings will be shorter, and also there is a\nslightly higher chance for collisions.  For example, these objects\nhave the same signature:\n\n    var obj1 = {a:\'b\',c:/def/,g:[\'h\',\'i\',{j:\'\',k:\'l\'}]}\n    var obj2 = {a:\'b\',c:\'/def/\',g:[\'h\',\'i\',\'{jkl\']}\n\nLike a good Freudian, sigmund is most effective when you already have\nsome understanding of what you\'re looking for.  It can help you help\nyourself, but you must be willing to do some work as well.\n\nCycles are handled, and cyclical objects are silently omitted (though\nthe key is included in the signature output.)\n\nThe second argument is the maximum depth, which defaults to 10,\nbecause that is the maximum object traversal depth covered by most\ninsurance carriers.\n',
666 silly install resolved     _id: 'sigmund@1.0.0',
666 silly install resolved     dist:
666 silly install resolved      { shasum: '66a2b3a749ae8b5fb89efd4fcc01dc94fbe02296',
666 silly install resolved        tarball: 'http://registry.npmjs.org/sigmund/-/sigmund-1.0.0.tgz' },
666 silly install resolved     _npmVersion: '1.1.48',
666 silly install resolved     _npmUser: { name: 'isaacs', email: 'i@izs.me' },
666 silly install resolved     maintainers: [ [Object] ],
666 silly install resolved     _shasum: '66a2b3a749ae8b5fb89efd4fcc01dc94fbe02296',
666 silly install resolved     _resolved: 'https://registry.npmjs.org/sigmund/-/sigmund-1.0.0.tgz',
666 silly install resolved     _from: 'sigmund@>=1.0.0 <1.1.0',
666 silly install resolved     bugs: { url: 'https://github.com/isaacs/sigmund/issues' },
666 silly install resolved     homepage: 'https://github.com/isaacs/sigmund' },
666 silly install resolved   { name: 'lru-cache',
666 silly install resolved     description: 'A cache object that deletes the least-recently-used items.',
666 silly install resolved     version: '2.5.0',
666 silly install resolved     author: { name: 'Isaac Z. Schlueter', email: 'i@izs.me' },
666 silly install resolved     scripts: { test: 'tap test --gc' },
666 silly install resolved     main: 'lib/lru-cache.js',
666 silly install resolved     repository:
666 silly install resolved      { type: 'git',
666 silly install resolved        url: 'git://github.com/isaacs/node-lru-cache.git' },
666 silly install resolved     devDependencies: { tap: '', weak: '' },
666 silly install resolved     license:
666 silly install resolved      { type: 'MIT',
666 silly install resolved        url: 'http://github.com/isaacs/node-lru-cache/raw/master/LICENSE' },
666 silly install resolved     bugs: { url: 'https://github.com/isaacs/node-lru-cache/issues' },
666 silly install resolved     homepage: 'https://github.com/isaacs/node-lru-cache',
666 silly install resolved     _id: 'lru-cache@2.5.0',
666 silly install resolved     dist:
666 silly install resolved      { shasum: 'd82388ae9c960becbea0c73bb9eb79b6c6ce9aeb',
666 silly install resolved        tarball: 'http://registry.npmjs.org/lru-cache/-/lru-cache-2.5.0.tgz' },
666 silly install resolved     _from: 'lru-cache@>=2.0.0 <3.0.0',
666 silly install resolved     _npmVersion: '1.3.15',
666 silly install resolved     _npmUser: { name: 'isaacs', email: 'i@izs.me' },
666 silly install resolved     maintainers: [ [Object] ],
666 silly install resolved     directories: {},
666 silly install resolved     _shasum: 'd82388ae9c960becbea0c73bb9eb79b6c6ce9aeb',
666 silly install resolved     _resolved: 'https://registry.npmjs.org/lru-cache/-/lru-cache-2.5.0.tgz',
666 silly install resolved     readme: 'ERROR: No README data found!' } ]
667 info install sigmund@1.0.0 into /Users/apprentice/Desktop/jamal-adell/ps_overflow/node_modules/java/node_modules/glob/node_modules/minimatch
668 info install lru-cache@2.5.0 into /Users/apprentice/Desktop/jamal-adell/ps_overflow/node_modules/java/node_modules/glob/node_modules/minimatch
669 info installOne sigmund@1.0.0
670 verbose installOne of sigmund to /Users/apprentice/Desktop/jamal-adell/ps_overflow/node_modules/java/node_modules/glob/node_modules/minimatch not in flight; installing
671 info installOne lru-cache@2.5.0
672 verbose installOne of lru-cache to /Users/apprentice/Desktop/jamal-adell/ps_overflow/node_modules/java/node_modules/glob/node_modules/minimatch not in flight; installing
673 verbose lock using /Users/apprentice/.npm/_locks/sigmund-37da7a4ec653454f.lock for /Users/apprentice/Desktop/jamal-adell/ps_overflow/node_modules/java/node_modules/glob/node_modules/minimatch/node_modules/sigmund
674 verbose lock using /Users/apprentice/.npm/_locks/lru-cache-cbc40ccbf11d02a5.lock for /Users/apprentice/Desktop/jamal-adell/ps_overflow/node_modules/java/node_modules/glob/node_modules/minimatch/node_modules/lru-cache
675 silly install write writing sigmund 1.0.0 to /Users/apprentice/Desktop/jamal-adell/ps_overflow/node_modules/java/node_modules/glob/node_modules/minimatch/node_modules/sigmund
676 silly cache addNamed cb sigmund@1.0.0
677 verbose unbuild node_modules/java/node_modules/glob/node_modules/minimatch/node_modules/sigmund
678 silly install write writing lru-cache 2.5.0 to /Users/apprentice/Desktop/jamal-adell/ps_overflow/node_modules/java/node_modules/glob/node_modules/minimatch/node_modules/lru-cache
679 silly cache addNamed cb lru-cache@2.5.0
680 verbose unbuild node_modules/java/node_modules/glob/node_modules/minimatch/node_modules/lru-cache
681 verbose gentlyRm vacuuming /Users/apprentice/Desktop/jamal-adell/ps_overflow/node_modules/java/node_modules/glob/node_modules/minimatch/node_modules/sigmund
682 verbose gentlyRm vacuuming /Users/apprentice/Desktop/jamal-adell/ps_overflow/node_modules/java/node_modules/glob/node_modules/minimatch/node_modules/lru-cache
683 verbose tar unpack /Users/apprentice/.npm/sigmund/1.0.0/package.tgz
684 verbose tar unpacking to /Users/apprentice/Desktop/jamal-adell/ps_overflow/node_modules/java/node_modules/glob/node_modules/minimatch/node_modules/sigmund
685 verbose gentlyRm vacuuming /Users/apprentice/Desktop/jamal-adell/ps_overflow/node_modules/java/node_modules/glob/node_modules/minimatch/node_modules/sigmund
686 verbose tar unpack /Users/apprentice/.npm/lru-cache/2.5.0/package.tgz
687 verbose tar unpacking to /Users/apprentice/Desktop/jamal-adell/ps_overflow/node_modules/java/node_modules/glob/node_modules/minimatch/node_modules/lru-cache
688 verbose gentlyRm vacuuming /Users/apprentice/Desktop/jamal-adell/ps_overflow/node_modules/java/node_modules/glob/node_modules/minimatch/node_modules/lru-cache
689 silly gunzTarPerm modes [ '755', '644' ]
690 silly gunzTarPerm modes [ '755', '644' ]
691 silly gunzTarPerm extractEntry package.json
692 silly gunzTarPerm extractEntry package.json
693 silly gunzTarPerm extractEntry README.md
694 silly gunzTarPerm extractEntry LICENSE
695 silly gunzTarPerm extractEntry .npmignore
696 silly gunzTarPerm extractEntry README.md
697 silly gunzTarPerm extractEntry LICENSE
698 silly gunzTarPerm extractEntry CONTRIBUTORS
699 silly gunzTarPerm extractEntry bench.js
700 silly gunzTarPerm extractEntry sigmund.js
701 silly gunzTarPerm extractEntry lib/lru-cache.js
702 silly gunzTarPerm extractEntry test/basic.js
703 silly gunzTarPerm extractEntry test/foreach.js
704 silly gunzTarPerm extractEntry test/memory-leak.js
705 silly gunzTarPerm extractEntry test/basic.js
706 info preinstall sigmund@1.0.0
707 silly install resolved []
708 verbose about to build /Users/apprentice/Desktop/jamal-adell/ps_overflow/node_modules/java/node_modules/glob/node_modules/minimatch/node_modules/sigmund
709 info build /Users/apprentice/Desktop/jamal-adell/ps_overflow/node_modules/java/node_modules/glob/node_modules/minimatch/node_modules/sigmund
710 verbose linkStuff [ false,
710 verbose linkStuff   false,
710 verbose linkStuff   false,
710 verbose linkStuff   '/Users/apprentice/Desktop/jamal-adell/ps_overflow/node_modules/java/node_modules/glob/node_modules/minimatch/node_modules' ]
711 info linkStuff sigmund@1.0.0
712 verbose linkBins sigmund@1.0.0
713 verbose linkMans sigmund@1.0.0
714 verbose rebuildBundles sigmund@1.0.0
715 info install sigmund@1.0.0
716 info postinstall sigmund@1.0.0
717 verbose unlock done using /Users/apprentice/.npm/_locks/sigmund-37da7a4ec653454f.lock for /Users/apprentice/Desktop/jamal-adell/ps_overflow/node_modules/java/node_modules/glob/node_modules/minimatch/node_modules/sigmund
718 info preinstall lru-cache@2.5.0
719 silly install resolved []
720 verbose about to build /Users/apprentice/Desktop/jamal-adell/ps_overflow/node_modules/java/node_modules/glob/node_modules/minimatch/node_modules/lru-cache
721 info build /Users/apprentice/Desktop/jamal-adell/ps_overflow/node_modules/java/node_modules/glob/node_modules/minimatch/node_modules/lru-cache
722 verbose linkStuff [ false,
722 verbose linkStuff   false,
722 verbose linkStuff   false,
722 verbose linkStuff   '/Users/apprentice/Desktop/jamal-adell/ps_overflow/node_modules/java/node_modules/glob/node_modules/minimatch/node_modules' ]
723 info linkStuff lru-cache@2.5.0
724 verbose linkBins lru-cache@2.5.0
725 verbose linkMans lru-cache@2.5.0
726 verbose rebuildBundles lru-cache@2.5.0
727 info install lru-cache@2.5.0
728 info postinstall lru-cache@2.5.0
729 verbose unlock done using /Users/apprentice/.npm/_locks/lru-cache-cbc40ccbf11d02a5.lock for /Users/apprentice/Desktop/jamal-adell/ps_overflow/node_modules/java/node_modules/glob/node_modules/minimatch/node_modules/lru-cache
730 verbose about to build /Users/apprentice/Desktop/jamal-adell/ps_overflow/node_modules/java/node_modules/glob/node_modules/minimatch
731 info build /Users/apprentice/Desktop/jamal-adell/ps_overflow/node_modules/java/node_modules/glob/node_modules/minimatch
732 verbose linkStuff [ false,
732 verbose linkStuff   false,
732 verbose linkStuff   false,
732 verbose linkStuff   '/Users/apprentice/Desktop/jamal-adell/ps_overflow/node_modules/java/node_modules/glob/node_modules' ]
733 info linkStuff minimatch@0.3.0
734 verbose linkBins minimatch@0.3.0
735 verbose linkMans minimatch@0.3.0
736 verbose rebuildBundles minimatch@0.3.0
737 verbose rebuildBundles [ 'lru-cache', 'sigmund' ]
738 info install minimatch@0.3.0
739 info postinstall minimatch@0.3.0
740 verbose unlock done using /Users/apprentice/.npm/_locks/minimatch-1874855cb2cb56d1.lock for /Users/apprentice/Desktop/jamal-adell/ps_overflow/node_modules/java/node_modules/glob/node_modules/minimatch
741 verbose about to build /Users/apprentice/Desktop/jamal-adell/ps_overflow/node_modules/java/node_modules/glob
742 info build /Users/apprentice/Desktop/jamal-adell/ps_overflow/node_modules/java/node_modules/glob
743 verbose linkStuff [ false,
743 verbose linkStuff   false,
743 verbose linkStuff   false,
743 verbose linkStuff   '/Users/apprentice/Desktop/jamal-adell/ps_overflow/node_modules/java/node_modules' ]
744 info linkStuff glob@3.2.11
745 verbose linkBins glob@3.2.11
746 verbose linkMans glob@3.2.11
747 verbose rebuildBundles glob@3.2.11
748 verbose rebuildBundles [ 'inherits', 'minimatch' ]
749 info install glob@3.2.11
750 info postinstall glob@3.2.11
751 verbose unlock done using /Users/apprentice/.npm/_locks/glob-9d90a597e1cb81a0.lock for /Users/apprentice/Desktop/jamal-adell/ps_overflow/node_modules/java/node_modules/glob
752 verbose about to build /Users/apprentice/Desktop/jamal-adell/ps_overflow/node_modules/java
753 info build /Users/apprentice/Desktop/jamal-adell/ps_overflow/node_modules/java
754 verbose linkStuff [ false,
754 verbose linkStuff   false,
754 verbose linkStuff   false,
754 verbose linkStuff   '/Users/apprentice/Desktop/jamal-adell/ps_overflow/node_modules' ]
755 info linkStuff java@0.4.6
756 verbose linkBins java@0.4.6
757 verbose linkMans java@0.4.6
758 verbose rebuildBundles java@0.4.6
759 verbose rebuildBundles [ 'find-java-home', 'glob', 'nan' ]
760 info install java@0.4.6
761 verbose unsafe-perm in lifecycle true
762 info java@0.4.6 Failed to exec install script
763 verbose unlock done using /Users/apprentice/.npm/_locks/java-750bbf606b88bb86.lock for /Users/apprentice/Desktop/jamal-adell/ps_overflow/node_modules/java
764 verbose stack Error: java@0.4.6 install: `node-gyp rebuild`
764 verbose stack Exit status 1
764 verbose stack     at EventEmitter.<anonymous> (/usr/local/lib/node_modules/npm/lib/utils/lifecycle.js:213:16)
764 verbose stack     at EventEmitter.emit (events.js:98:17)
764 verbose stack     at ChildProcess.<anonymous> (/usr/local/lib/node_modules/npm/lib/utils/spawn.js:14:12)
764 verbose stack     at ChildProcess.emit (events.js:98:17)
764 verbose stack     at maybeClose (child_process.js:766:16)
764 verbose stack     at Process.ChildProcess._handle.onexit (child_process.js:833:5)
765 verbose pkgid java@0.4.6
766 verbose cwd /Users/apprentice/Desktop/jamal-adell/ps_overflow
767 error Darwin 14.1.0
768 error argv "node" "/usr/local/bin/npm" "install" "java"
769 error node v0.10.36
770 error npm  v2.3.0
771 error code ELIFECYCLE
772 error java@0.4.6 install: `node-gyp rebuild`
772 error Exit status 1
773 error Failed at the java@0.4.6 install script 'node-gyp rebuild'.
773 error This is most likely a problem with the java package,
773 error not with npm itself.
773 error Tell the author that this fails on your system:
773 error     node-gyp rebuild
773 error You can get their info via:
773 error     npm owner ls java
773 error There is likely additional logging output above.
774 verbose exit [ 1, true ]
775 verbose unbuild node_modules/java
776 info preuninstall java@0.4.6
777 info uninstall java@0.4.6
778 verbose unbuild rmStuff java@0.4.6 from /Users/apprentice/Desktop/jamal-adell/ps_overflow/node_modules
779 info postuninstall java@0.4.6
780 verbose gentlyRm vacuuming /Users/apprentice/Desktop/jamal-adell/ps_overflow/node_modules/java
781 silly gentlyRm purging /Users/apprentice/Desktop/jamal-adell/ps_overflow/node_modules/java
782 silly gentlyRm removing /Users/apprentice/Desktop/jamal-adell/ps_overflow/node_modules
783 silly gentlyRm finished vacuuming up to /Users/apprentice/Desktop/jamal-adell/ps_overflow
